2020-09-29 18:03:30.485 [ main ] - [ INFO  ] [ com.moonmagician.reloads.ReloadsApplication : 55 ] - Starting ReloadsApplication on DESKTOP-GQFO42A with PID 16968 (F:\JAVA\javaTest\DataStruct\reloads\target\classes started by HP in F:\JAVA\javaTest\DataStruct\reloads)
2020-09-29 18:03:30.488 [ main ] - [ DEBUG ] [ com.moonmagician.reloads.ReloadsApplication : 56 ] - Running with Spring Boot v2.3.3.RELEASE, Spring v5.2.8.RELEASE
2020-09-29 18:03:30.488 [ main ] - [ INFO  ] [ com.moonmagician.reloads.ReloadsApplication : 655 ] - The following profiles are active: dev
2020-09-29 18:03:32.472 [ main ] - [ INFO  ] [ o.s.boot.web.embedded.tomcat.TomcatWebServer : 108 ] - Tomcat initialized with port(s): 9000 (http)
2020-09-29 18:03:32.489 [ main ] - [ INFO  ] [ org.apache.coyote.http11.Http11NioProtocol : 173 ] - Initializing ProtocolHandler ["http-nio-9000"]
2020-09-29 18:03:32.489 [ main ] - [ INFO  ] [ org.apache.catalina.core.StandardService : 173 ] - Starting service [Tomcat]
2020-09-29 18:03:32.489 [ main ] - [ INFO  ] [ org.apache.catalina.core.StandardEngine : 173 ] - Starting Servlet engine: [Apache Tomcat/9.0.37]
2020-09-29 18:03:32.570 [ main ] - [ INFO  ] [ o.a.c.core.ContainerBase.[Tomcat].[localhost].[/] : 173 ] - Initializing Spring embedded WebApplicationContext
2020-09-29 18:03:32.570 [ main ] - [ INFO  ] [ o.s.b.w.s.c.ServletWebServerApplicationContext : 285 ] - Root WebApplicationContext: initialization completed in 2050 ms
2020-09-29 18:03:33.016 [ main ] - [ INFO  ] [ com.alibaba.druid.pool.DruidDataSource : 994 ] - {dataSource-1} inited
2020-09-29 18:03:33.751 [ main ] - [ INFO  ] [ s.d.s.w.PropertySourcedRequestMappingHandlerMapping : 69 ] - Mapped URL path [/v2/api-docs] onto method [springfox.documentation.swagger2.web.Swagger2Controller#getDocumentation(String, HttpServletRequest)]
2020-09-29 18:03:33.865 [ main ] - [ INFO  ] [ o.s.scheduling.concurrent.ThreadPoolTaskExecutor : 181 ] - Initializing ExecutorService 'applicationTaskExecutor'
2020-09-29 18:03:33.945 [ main ] - [ INFO  ] [ o.s.b.a.web.servlet.WelcomePageHandlerMapping : 58 ] - Adding welcome page template: index
2020-09-29 18:03:34.113 [ main ] - [ INFO  ] [ org.apache.coyote.http11.Http11NioProtocol : 173 ] - Starting ProtocolHandler ["http-nio-9000"]
2020-09-29 18:03:34.132 [ main ] - [ INFO  ] [ o.s.boot.web.embedded.tomcat.TomcatWebServer : 220 ] - Tomcat started on port(s): 9000 (http) with context path ''
2020-09-29 18:03:34.132 [ main ] - [ INFO  ] [ s.d.s.web.plugins.DocumentationPluginsBootstrapper : 160 ] - Context refreshed
2020-09-29 18:03:34.144 [ main ] - [ INFO  ] [ s.d.s.web.plugins.DocumentationPluginsBootstrapper : 163 ] - Found 1 custom documentation plugin(s)
2020-09-29 18:03:34.162 [ main ] - [ INFO  ] [ s.d.spring.web.scanners.ApiListingReferenceScanner : 41 ] - Scanning for api listing references
2020-09-29 18:03:34.188 [ main ] - [ INFO  ] [ com.moonmagician.reloads.ReloadsApplication : 61 ] - Started ReloadsApplication in 4.583 seconds (JVM running for 5.808)
2020-09-29 18:04:40.444 [ http-nio-9000-exec-1 ] - [ INFO  ] [ o.a.c.core.ContainerBase.[Tomcat].[localhost].[/] : 173 ] - Initializing Spring DispatcherServlet 'dispatcherServlet'
2020-09-29 18:04:40.445 [ http-nio-9000-exec-1 ] - [ INFO  ] [ org.springframework.web.servlet.DispatcherServlet : 525 ] - Initializing Servlet 'dispatcherServlet'
2020-09-29 18:04:40.454 [ http-nio-9000-exec-1 ] - [ INFO  ] [ org.springframework.web.servlet.DispatcherServlet : 547 ] - Completed initialization in 9 ms
2020-09-29 18:04:40.519 [ http-nio-9000-exec-1 ] - [ INFO  ] [ com.moonmagician.reloads.config.LogAspectConfig : 35 ] - 请求地址 : http://localhost:9000/
2020-09-29 18:04:40.519 [ http-nio-9000-exec-1 ] - [ INFO  ] [ com.moonmagician.reloads.config.LogAspectConfig : 36 ] - HTTP METHOD : GET
2020-09-29 18:04:40.521 [ http-nio-9000-exec-1 ] - [ INFO  ] [ com.moonmagician.reloads.config.LogAspectConfig : 39 ] - CLASS_METHOD : com.moonmagician.reloads.controller.LeftMenuController.index
2020-09-29 18:04:40.521 [ http-nio-9000-exec-1 ] - [ INFO  ] [ com.moonmagician.reloads.config.LogAspectConfig : 41 ] - 参数 : [org.apache.catalina.connector.RequestFacade@5470983d]
2020-09-29 18:04:40.572 [ http-nio-9000-exec-1 ] - [ DEBUG ] [ c.m.reloads.mapper.ImgviewMapper.datacount : 143 ] - ==>  Preparing: select count(id) from imgview; 
2020-09-29 18:04:40.599 [ http-nio-9000-exec-1 ] - [ DEBUG ] [ c.m.reloads.mapper.ImgviewMapper.datacount : 143 ] - ==> Parameters: 
2020-09-29 18:04:40.628 [ http-nio-9000-exec-1 ] - [ DEBUG ] [ c.m.reloads.mapper.ImgviewMapper.datacount : 143 ] - <==      Total: 1
2020-09-29 18:04:40.667 [ http-nio-9000-exec-1 ] - [ DEBUG ] [ c.m.reloads.mapper.ImgviewMapper.selectPage : 143 ] - ==>  Preparing: SELECT COUNT(1) FROM imgview 
2020-09-29 18:04:40.668 [ http-nio-9000-exec-1 ] - [ DEBUG ] [ c.m.reloads.mapper.ImgviewMapper.selectPage : 143 ] - ==> Parameters: 
2020-09-29 18:04:40.670 [ http-nio-9000-exec-1 ] - [ DEBUG ] [ c.m.reloads.mapper.ImgviewMapper.selectPage : 143 ] - ==>  Preparing: SELECT id,title,imgurl,createtime,describetext,discusscount,visitcount,type,webpagepath FROM imgview LIMIT ?,? 
2020-09-29 18:04:40.671 [ http-nio-9000-exec-1 ] - [ DEBUG ] [ c.m.reloads.mapper.ImgviewMapper.selectPage : 143 ] - ==> Parameters: 0(Long), 10(Long)
2020-09-29 18:04:40.676 [ http-nio-9000-exec-1 ] - [ DEBUG ] [ c.m.reloads.mapper.ImgviewMapper.selectPage : 143 ] - <==      Total: 10
2020-09-29 18:04:40.677 [ http-nio-9000-exec-1 ] - [ DEBUG ] [ com.moonmagician.reloads.config.LogAspectConfig : 57 ] - 返回值 : index
2020-09-29 18:04:40.677 [ http-nio-9000-exec-1 ] - [ INFO  ] [ com.moonmagician.reloads.config.LogAspectConfig : 50 ] - 耗时 : 158
2020-09-29 18:23:59.447 [ http-nio-9000-exec-5 ] - [ INFO  ] [ com.moonmagician.reloads.config.LogAspectConfig : 35 ] - 请求地址 : http://localhost:9000/index/2
2020-09-29 18:23:59.447 [ http-nio-9000-exec-5 ] - [ INFO  ] [ com.moonmagician.reloads.config.LogAspectConfig : 36 ] - HTTP METHOD : GET
2020-09-29 18:23:59.447 [ http-nio-9000-exec-5 ] - [ INFO  ] [ com.moonmagician.reloads.config.LogAspectConfig : 39 ] - CLASS_METHOD : com.moonmagician.reloads.controller.LeftMenuController.index
2020-09-29 18:23:59.447 [ http-nio-9000-exec-5 ] - [ INFO  ] [ com.moonmagician.reloads.config.LogAspectConfig : 41 ] - 参数 : [2, org.apache.catalina.connector.RequestFacade@5470983d]
2020-09-29 18:23:59.451 [ http-nio-9000-exec-5 ] - [ DEBUG ] [ c.m.reloads.mapper.ImgviewMapper.datacount : 143 ] - ==>  Preparing: select count(id) from imgview; 
2020-09-29 18:23:59.451 [ http-nio-9000-exec-5 ] - [ DEBUG ] [ c.m.reloads.mapper.ImgviewMapper.datacount : 143 ] - ==> Parameters: 
2020-09-29 18:23:59.452 [ http-nio-9000-exec-5 ] - [ DEBUG ] [ c.m.reloads.mapper.ImgviewMapper.datacount : 143 ] - <==      Total: 1
2020-09-29 18:23:59.454 [ http-nio-9000-exec-5 ] - [ DEBUG ] [ c.m.reloads.mapper.ImgviewMapper.selectPage : 143 ] - ==>  Preparing: SELECT COUNT(1) FROM imgview 
2020-09-29 18:23:59.454 [ http-nio-9000-exec-5 ] - [ DEBUG ] [ c.m.reloads.mapper.ImgviewMapper.selectPage : 143 ] - ==> Parameters: 
2020-09-29 18:23:59.456 [ http-nio-9000-exec-5 ] - [ DEBUG ] [ c.m.reloads.mapper.ImgviewMapper.selectPage : 143 ] - ==>  Preparing: SELECT id,title,imgurl,createtime,describetext,discusscount,visitcount,type,webpagepath FROM imgview LIMIT ?,? 
2020-09-29 18:23:59.457 [ http-nio-9000-exec-5 ] - [ DEBUG ] [ c.m.reloads.mapper.ImgviewMapper.selectPage : 143 ] - ==> Parameters: 10(Long), 10(Long)
2020-09-29 18:23:59.458 [ http-nio-9000-exec-5 ] - [ DEBUG ] [ c.m.reloads.mapper.ImgviewMapper.selectPage : 143 ] - <==      Total: 1
2020-09-29 18:23:59.458 [ http-nio-9000-exec-5 ] - [ DEBUG ] [ com.moonmagician.reloads.config.LogAspectConfig : 57 ] - 返回值 : index
2020-09-29 18:23:59.459 [ http-nio-9000-exec-5 ] - [ INFO  ] [ com.moonmagician.reloads.config.LogAspectConfig : 50 ] - 耗时 : 12
2020-09-29 18:24:01.438 [ http-nio-9000-exec-4 ] - [ INFO  ] [ com.moonmagician.reloads.config.LogAspectConfig : 35 ] - 请求地址 : http://localhost:9000/index/1
2020-09-29 18:24:01.438 [ http-nio-9000-exec-4 ] - [ INFO  ] [ com.moonmagician.reloads.config.LogAspectConfig : 36 ] - HTTP METHOD : GET
2020-09-29 18:24:01.439 [ http-nio-9000-exec-4 ] - [ INFO  ] [ com.moonmagician.reloads.config.LogAspectConfig : 39 ] - CLASS_METHOD : com.moonmagician.reloads.controller.LeftMenuController.index
2020-09-29 18:24:01.439 [ http-nio-9000-exec-4 ] - [ INFO  ] [ com.moonmagician.reloads.config.LogAspectConfig : 41 ] - 参数 : [1, org.apache.catalina.connector.RequestFacade@64700942]
2020-09-29 18:24:01.440 [ http-nio-9000-exec-4 ] - [ DEBUG ] [ c.m.reloads.mapper.ImgviewMapper.datacount : 143 ] - ==>  Preparing: select count(id) from imgview; 
2020-09-29 18:24:01.440 [ http-nio-9000-exec-4 ] - [ DEBUG ] [ c.m.reloads.mapper.ImgviewMapper.datacount : 143 ] - ==> Parameters: 
2020-09-29 18:24:01.441 [ http-nio-9000-exec-4 ] - [ DEBUG ] [ c.m.reloads.mapper.ImgviewMapper.datacount : 143 ] - <==      Total: 1
2020-09-29 18:24:01.443 [ http-nio-9000-exec-4 ] - [ DEBUG ] [ c.m.reloads.mapper.ImgviewMapper.selectPage : 143 ] - ==>  Preparing: SELECT COUNT(1) FROM imgview 
2020-09-29 18:24:01.443 [ http-nio-9000-exec-4 ] - [ DEBUG ] [ c.m.reloads.mapper.ImgviewMapper.selectPage : 143 ] - ==> Parameters: 
2020-09-29 18:24:01.444 [ http-nio-9000-exec-4 ] - [ DEBUG ] [ c.m.reloads.mapper.ImgviewMapper.selectPage : 143 ] - ==>  Preparing: SELECT id,title,imgurl,createtime,describetext,discusscount,visitcount,type,webpagepath FROM imgview LIMIT ?,? 
2020-09-29 18:24:01.444 [ http-nio-9000-exec-4 ] - [ DEBUG ] [ c.m.reloads.mapper.ImgviewMapper.selectPage : 143 ] - ==> Parameters: 0(Long), 10(Long)
2020-09-29 18:24:01.447 [ http-nio-9000-exec-4 ] - [ DEBUG ] [ c.m.reloads.mapper.ImgviewMapper.selectPage : 143 ] - <==      Total: 10
2020-09-29 18:24:01.448 [ http-nio-9000-exec-4 ] - [ DEBUG ] [ com.moonmagician.reloads.config.LogAspectConfig : 57 ] - 返回值 : index
2020-09-29 18:24:01.448 [ http-nio-9000-exec-4 ] - [ INFO  ] [ com.moonmagician.reloads.config.LogAspectConfig : 50 ] - 耗时 : 10
2020-09-29 18:24:21.364 [ http-nio-9000-exec-6 ] - [ INFO  ] [ com.moonmagician.reloads.config.LogAspectConfig : 35 ] - 请求地址 : http://localhost:9000/allproject
2020-09-29 18:24:21.364 [ http-nio-9000-exec-6 ] - [ INFO  ] [ com.moonmagician.reloads.config.LogAspectConfig : 36 ] - HTTP METHOD : GET
2020-09-29 18:24:21.365 [ http-nio-9000-exec-6 ] - [ INFO  ] [ com.moonmagician.reloads.config.LogAspectConfig : 39 ] - CLASS_METHOD : com.moonmagician.reloads.controller.LeftMenuController.allproject
2020-09-29 18:24:21.365 [ http-nio-9000-exec-6 ] - [ INFO  ] [ com.moonmagician.reloads.config.LogAspectConfig : 41 ] - 参数 : []
2020-09-29 18:24:21.365 [ http-nio-9000-exec-6 ] - [ DEBUG ] [ com.moonmagician.reloads.config.LogAspectConfig : 57 ] - 返回值 : /bar/constitute/allproject
2020-09-29 18:24:21.365 [ http-nio-9000-exec-6 ] - [ INFO  ] [ com.moonmagician.reloads.config.LogAspectConfig : 50 ] - 耗时 : 1
2020-09-29 18:24:23.558 [ http-nio-9000-exec-7 ] - [ INFO  ] [ com.moonmagician.reloads.config.LogAspectConfig : 35 ] - 请求地址 : http://localhost:9000/introduction
2020-09-29 18:24:23.559 [ http-nio-9000-exec-7 ] - [ INFO  ] [ com.moonmagician.reloads.config.LogAspectConfig : 36 ] - HTTP METHOD : GET
2020-09-29 18:24:23.559 [ http-nio-9000-exec-7 ] - [ INFO  ] [ com.moonmagician.reloads.config.LogAspectConfig : 39 ] - CLASS_METHOD : com.moonmagician.reloads.controller.LeftMenuController.introduction
2020-09-29 18:24:23.559 [ http-nio-9000-exec-7 ] - [ INFO  ] [ com.moonmagician.reloads.config.LogAspectConfig : 41 ] - 参数 : []
2020-09-29 18:24:23.559 [ http-nio-9000-exec-7 ] - [ DEBUG ] [ com.moonmagician.reloads.config.LogAspectConfig : 57 ] - 返回值 : /bar/constitute/introduction
2020-09-29 18:24:23.560 [ http-nio-9000-exec-7 ] - [ INFO  ] [ com.moonmagician.reloads.config.LogAspectConfig : 50 ] - 耗时 : 2
2020-09-29 18:24:45.244 [ http-nio-9000-exec-10 ] - [ INFO  ] [ com.moonmagician.reloads.config.LogAspectConfig : 35 ] - 请求地址 : http://localhost:9000/
2020-09-29 18:24:45.244 [ http-nio-9000-exec-10 ] - [ INFO  ] [ com.moonmagician.reloads.config.LogAspectConfig : 36 ] - HTTP METHOD : GET
2020-09-29 18:24:45.245 [ http-nio-9000-exec-10 ] - [ INFO  ] [ com.moonmagician.reloads.config.LogAspectConfig : 39 ] - CLASS_METHOD : com.moonmagician.reloads.controller.LeftMenuController.index
2020-09-29 18:24:45.245 [ http-nio-9000-exec-10 ] - [ INFO  ] [ com.moonmagician.reloads.config.LogAspectConfig : 41 ] - 参数 : [org.apache.catalina.connector.RequestFacade@64700942]
2020-09-29 18:24:45.246 [ http-nio-9000-exec-10 ] - [ DEBUG ] [ c.m.reloads.mapper.ImgviewMapper.datacount : 143 ] - ==>  Preparing: select count(id) from imgview; 
2020-09-29 18:24:45.247 [ http-nio-9000-exec-10 ] - [ DEBUG ] [ c.m.reloads.mapper.ImgviewMapper.datacount : 143 ] - ==> Parameters: 
2020-09-29 18:24:45.248 [ http-nio-9000-exec-10 ] - [ DEBUG ] [ c.m.reloads.mapper.ImgviewMapper.datacount : 143 ] - <==      Total: 1
2020-09-29 18:24:45.250 [ http-nio-9000-exec-10 ] - [ DEBUG ] [ c.m.reloads.mapper.ImgviewMapper.selectPage : 143 ] - ==>  Preparing: SELECT COUNT(1) FROM imgview 
2020-09-29 18:24:45.250 [ http-nio-9000-exec-10 ] - [ DEBUG ] [ c.m.reloads.mapper.ImgviewMapper.selectPage : 143 ] - ==> Parameters: 
2020-09-29 18:24:45.251 [ http-nio-9000-exec-10 ] - [ DEBUG ] [ c.m.reloads.mapper.ImgviewMapper.selectPage : 143 ] - ==>  Preparing: SELECT id,title,imgurl,createtime,describetext,discusscount,visitcount,type,webpagepath FROM imgview LIMIT ?,? 
2020-09-29 18:24:45.252 [ http-nio-9000-exec-10 ] - [ DEBUG ] [ c.m.reloads.mapper.ImgviewMapper.selectPage : 143 ] - ==> Parameters: 0(Long), 10(Long)
2020-09-29 18:24:45.254 [ http-nio-9000-exec-10 ] - [ DEBUG ] [ c.m.reloads.mapper.ImgviewMapper.selectPage : 143 ] - <==      Total: 10
2020-09-29 18:24:45.255 [ http-nio-9000-exec-10 ] - [ DEBUG ] [ com.moonmagician.reloads.config.LogAspectConfig : 57 ] - 返回值 : index
2020-09-29 18:24:45.256 [ http-nio-9000-exec-10 ] - [ INFO  ] [ com.moonmagician.reloads.config.LogAspectConfig : 50 ] - 耗时 : 12
2020-09-29 18:24:47.734 [ http-nio-9000-exec-3 ] - [ INFO  ] [ com.moonmagician.reloads.config.LogAspectConfig : 35 ] - 请求地址 : http://localhost:9000/talk
2020-09-29 18:24:47.735 [ http-nio-9000-exec-3 ] - [ INFO  ] [ com.moonmagician.reloads.config.LogAspectConfig : 36 ] - HTTP METHOD : GET
2020-09-29 18:24:47.735 [ http-nio-9000-exec-3 ] - [ INFO  ] [ com.moonmagician.reloads.config.LogAspectConfig : 39 ] - CLASS_METHOD : com.moonmagician.reloads.controller.LeftMenuController.talk
2020-09-29 18:24:47.735 [ http-nio-9000-exec-3 ] - [ INFO  ] [ com.moonmagician.reloads.config.LogAspectConfig : 41 ] - 参数 : []
2020-09-29 18:24:47.735 [ http-nio-9000-exec-3 ] - [ DEBUG ] [ com.moonmagician.reloads.config.LogAspectConfig : 57 ] - 返回值 : /bar/navigation/talk
2020-09-29 18:24:47.735 [ http-nio-9000-exec-3 ] - [ INFO  ] [ com.moonmagician.reloads.config.LogAspectConfig : 50 ] - 耗时 : 1
2020-09-29 18:24:48.524 [ http-nio-9000-exec-4 ] - [ INFO  ] [ com.moonmagician.reloads.config.LogAspectConfig : 35 ] - 请求地址 : http://localhost:9000/myspeak
2020-09-29 18:24:48.524 [ http-nio-9000-exec-4 ] - [ INFO  ] [ com.moonmagician.reloads.config.LogAspectConfig : 36 ] - HTTP METHOD : GET
2020-09-29 18:24:48.524 [ http-nio-9000-exec-4 ] - [ INFO  ] [ com.moonmagician.reloads.config.LogAspectConfig : 39 ] - CLASS_METHOD : com.moonmagician.reloads.controller.LeftMenuController.mySpeak
2020-09-29 18:24:48.524 [ http-nio-9000-exec-4 ] - [ INFO  ] [ com.moonmagician.reloads.config.LogAspectConfig : 41 ] - 参数 : []
2020-09-29 18:24:48.525 [ http-nio-9000-exec-4 ] - [ DEBUG ] [ com.moonmagician.reloads.config.LogAspectConfig : 57 ] - 返回值 : /bar/navigation/myspeak
2020-09-29 18:24:48.525 [ http-nio-9000-exec-4 ] - [ INFO  ] [ com.moonmagician.reloads.config.LogAspectConfig : 50 ] - 耗时 : 1
2020-09-29 18:24:50.756 [ http-nio-9000-exec-6 ] - [ INFO  ] [ com.moonmagician.reloads.config.LogAspectConfig : 35 ] - 请求地址 : http://localhost:9000/question
2020-09-29 18:24:50.757 [ http-nio-9000-exec-6 ] - [ INFO  ] [ com.moonmagician.reloads.config.LogAspectConfig : 36 ] - HTTP METHOD : GET
2020-09-29 18:24:50.757 [ http-nio-9000-exec-6 ] - [ INFO  ] [ com.moonmagician.reloads.config.LogAspectConfig : 39 ] - CLASS_METHOD : com.moonmagician.reloads.controller.LeftMenuController.question
2020-09-29 18:24:50.757 [ http-nio-9000-exec-6 ] - [ INFO  ] [ com.moonmagician.reloads.config.LogAspectConfig : 41 ] - 参数 : []
2020-09-29 18:24:50.757 [ http-nio-9000-exec-6 ] - [ DEBUG ] [ com.moonmagician.reloads.config.LogAspectConfig : 57 ] - 返回值 : /bar/navigation/question
2020-09-29 18:24:50.758 [ http-nio-9000-exec-6 ] - [ INFO  ] [ com.moonmagician.reloads.config.LogAspectConfig : 50 ] - 耗时 : 2
2020-09-29 18:24:52.989 [ http-nio-9000-exec-7 ] - [ INFO  ] [ com.moonmagician.reloads.config.LogAspectConfig : 35 ] - 请求地址 : http://localhost:9000/message
2020-09-29 18:24:52.990 [ http-nio-9000-exec-7 ] - [ INFO  ] [ com.moonmagician.reloads.config.LogAspectConfig : 36 ] - HTTP METHOD : GET
2020-09-29 18:24:52.990 [ http-nio-9000-exec-7 ] - [ INFO  ] [ com.moonmagician.reloads.config.LogAspectConfig : 39 ] - CLASS_METHOD : com.moonmagician.reloads.controller.LeftMenuController.message
2020-09-29 18:24:52.990 [ http-nio-9000-exec-7 ] - [ INFO  ] [ com.moonmagician.reloads.config.LogAspectConfig : 41 ] - 参数 : []
2020-09-29 18:24:52.990 [ http-nio-9000-exec-7 ] - [ DEBUG ] [ com.moonmagician.reloads.config.LogAspectConfig : 57 ] - 返回值 : /bar/navigation/message
2020-09-29 18:24:52.991 [ http-nio-9000-exec-7 ] - [ INFO  ] [ com.moonmagician.reloads.config.LogAspectConfig : 50 ] - 耗时 : 2
2020-09-29 18:25:03.164 [ http-nio-9000-exec-2 ] - [ INFO  ] [ com.moonmagician.reloads.config.LogAspectConfig : 35 ] - 请求地址 : http://localhost:9000/introduction
2020-09-29 18:25:03.164 [ http-nio-9000-exec-2 ] - [ INFO  ] [ com.moonmagician.reloads.config.LogAspectConfig : 36 ] - HTTP METHOD : GET
2020-09-29 18:25:03.164 [ http-nio-9000-exec-2 ] - [ INFO  ] [ com.moonmagician.reloads.config.LogAspectConfig : 39 ] - CLASS_METHOD : com.moonmagician.reloads.controller.LeftMenuController.introduction
2020-09-29 18:25:03.165 [ http-nio-9000-exec-2 ] - [ INFO  ] [ com.moonmagician.reloads.config.LogAspectConfig : 41 ] - 参数 : []
2020-09-29 18:25:03.165 [ http-nio-9000-exec-2 ] - [ DEBUG ] [ com.moonmagician.reloads.config.LogAspectConfig : 57 ] - 返回值 : /bar/constitute/introduction
2020-09-29 18:25:03.165 [ http-nio-9000-exec-2 ] - [ INFO  ] [ com.moonmagician.reloads.config.LogAspectConfig : 50 ] - 耗时 : 1
2020-09-29 18:25:07.445 [ http-nio-9000-exec-9 ] - [ INFO  ] [ com.moonmagician.reloads.config.LogAspectConfig : 35 ] - 请求地址 : http://localhost:9000/
2020-09-29 18:25:07.445 [ http-nio-9000-exec-9 ] - [ INFO  ] [ com.moonmagician.reloads.config.LogAspectConfig : 36 ] - HTTP METHOD : GET
2020-09-29 18:25:07.446 [ http-nio-9000-exec-9 ] - [ INFO  ] [ com.moonmagician.reloads.config.LogAspectConfig : 39 ] - CLASS_METHOD : com.moonmagician.reloads.controller.LeftMenuController.index
2020-09-29 18:25:07.446 [ http-nio-9000-exec-9 ] - [ INFO  ] [ com.moonmagician.reloads.config.LogAspectConfig : 41 ] - 参数 : [org.apache.catalina.connector.RequestFacade@3d52d124]
2020-09-29 18:25:07.447 [ http-nio-9000-exec-9 ] - [ DEBUG ] [ c.m.reloads.mapper.ImgviewMapper.datacount : 143 ] - ==>  Preparing: select count(id) from imgview; 
2020-09-29 18:25:07.447 [ http-nio-9000-exec-9 ] - [ DEBUG ] [ c.m.reloads.mapper.ImgviewMapper.datacount : 143 ] - ==> Parameters: 
2020-09-29 18:25:07.449 [ http-nio-9000-exec-9 ] - [ DEBUG ] [ c.m.reloads.mapper.ImgviewMapper.datacount : 143 ] - <==      Total: 1
2020-09-29 18:25:07.450 [ http-nio-9000-exec-9 ] - [ DEBUG ] [ c.m.reloads.mapper.ImgviewMapper.selectPage : 143 ] - ==>  Preparing: SELECT COUNT(1) FROM imgview 
2020-09-29 18:25:07.451 [ http-nio-9000-exec-9 ] - [ DEBUG ] [ c.m.reloads.mapper.ImgviewMapper.selectPage : 143 ] - ==> Parameters: 
2020-09-29 18:25:07.452 [ http-nio-9000-exec-9 ] - [ DEBUG ] [ c.m.reloads.mapper.ImgviewMapper.selectPage : 143 ] - ==>  Preparing: SELECT id,title,imgurl,createtime,describetext,discusscount,visitcount,type,webpagepath FROM imgview LIMIT ?,? 
2020-09-29 18:25:07.452 [ http-nio-9000-exec-9 ] - [ DEBUG ] [ c.m.reloads.mapper.ImgviewMapper.selectPage : 143 ] - ==> Parameters: 0(Long), 10(Long)
2020-09-29 18:25:07.455 [ http-nio-9000-exec-9 ] - [ DEBUG ] [ c.m.reloads.mapper.ImgviewMapper.selectPage : 143 ] - <==      Total: 10
2020-09-29 18:25:07.455 [ http-nio-9000-exec-9 ] - [ DEBUG ] [ com.moonmagician.reloads.config.LogAspectConfig : 57 ] - 返回值 : index
2020-09-29 18:25:07.456 [ http-nio-9000-exec-9 ] - [ INFO  ] [ com.moonmagician.reloads.config.LogAspectConfig : 50 ] - 耗时 : 11
