2020-08-30 08:55:02.199 [ main ] - [ INFO  ] [ com.moonmagician.reloads.ReloadsApplication : 55 ] - Starting ReloadsApplication on DESKTOP-GQFO42A with PID 4520 (F:\JAVA\javaTest\DataStruct\reloads\target\classes started by HP in F:\JAVA\javaTest\DataStruct\reloads)
2020-08-30 08:55:02.211 [ main ] - [ DEBUG ] [ com.moonmagician.reloads.ReloadsApplication : 56 ] - Running with Spring Boot v2.3.3.RELEASE, Spring v5.2.8.RELEASE
2020-08-30 08:55:02.212 [ main ] - [ INFO  ] [ com.moonmagician.reloads.ReloadsApplication : 655 ] - The following profiles are active: dev
2020-08-30 08:55:03.090 [ main ] - [ WARN  ] [ org.mybatis.spring.mapper.ClassPathMapperScanner : 44 ] - No MyBatis mapper was found in '[com.moonmagician.reloads.mapper]' package. Please check your configuration.
2020-08-30 08:55:03.320 [ main ] - [ WARN  ] [ org.mybatis.spring.mapper.ClassPathMapperScanner : 44 ] - No MyBatis mapper was found in '[com.moonmagician.reloads]' package. Please check your configuration.
2020-08-30 08:55:04.111 [ main ] - [ INFO  ] [ o.s.boot.web.embedded.tomcat.TomcatWebServer : 108 ] - Tomcat initialized with port(s): 8089 (http)
2020-08-30 08:55:04.136 [ main ] - [ INFO  ] [ org.apache.coyote.http11.Http11NioProtocol : 173 ] - Initializing ProtocolHandler ["http-nio-8089"]
2020-08-30 08:55:04.136 [ main ] - [ INFO  ] [ org.apache.catalina.core.StandardService : 173 ] - Starting service [Tomcat]
2020-08-30 08:55:04.136 [ main ] - [ INFO  ] [ org.apache.catalina.core.StandardEngine : 173 ] - Starting Servlet engine: [Apache Tomcat/9.0.37]
2020-08-30 08:55:04.336 [ main ] - [ INFO  ] [ o.a.c.core.ContainerBase.[Tomcat].[localhost].[/] : 173 ] - Initializing Spring embedded WebApplicationContext
2020-08-30 08:55:04.336 [ main ] - [ INFO  ] [ o.s.b.w.s.c.ServletWebServerApplicationContext : 285 ] - Root WebApplicationContext: initialization completed in 2086 ms
2020-08-30 08:55:05.140 [ main ] - [ INFO  ] [ s.d.s.w.PropertySourcedRequestMappingHandlerMapping : 69 ] - Mapped URL path [/v2/api-docs] onto method [springfox.documentation.swagger2.web.Swagger2Controller#getDocumentation(String, HttpServletRequest)]
2020-08-30 08:55:05.263 [ main ] - [ INFO  ] [ o.s.scheduling.concurrent.ThreadPoolTaskExecutor : 181 ] - Initializing ExecutorService 'applicationTaskExecutor'
2020-08-30 08:55:05.368 [ main ] - [ INFO  ] [ o.s.b.a.web.servlet.WelcomePageHandlerMapping : 58 ] - Adding welcome page template: index
2020-08-30 08:55:05.651 [ main ] - [ INFO  ] [ com.alibaba.druid.pool.DruidDataSource : 994 ] - {dataSource-1} inited
2020-08-30 08:55:05.866 [ main ] - [ INFO  ] [ org.apache.coyote.http11.Http11NioProtocol : 173 ] - Starting ProtocolHandler ["http-nio-8089"]
2020-08-30 08:55:05.888 [ main ] - [ INFO  ] [ o.s.boot.web.embedded.tomcat.TomcatWebServer : 220 ] - Tomcat started on port(s): 8089 (http) with context path ''
2020-08-30 08:55:05.888 [ main ] - [ INFO  ] [ s.d.s.web.plugins.DocumentationPluginsBootstrapper : 160 ] - Context refreshed
2020-08-30 08:55:05.925 [ main ] - [ INFO  ] [ s.d.s.web.plugins.DocumentationPluginsBootstrapper : 163 ] - Found 1 custom documentation plugin(s)
2020-08-30 08:55:05.953 [ main ] - [ INFO  ] [ s.d.spring.web.scanners.ApiListingReferenceScanner : 41 ] - Scanning for api listing references
2020-08-30 08:55:05.978 [ main ] - [ INFO  ] [ com.moonmagician.reloads.ReloadsApplication : 61 ] - Started ReloadsApplication in 4.789 seconds (JVM running for 6.702)
2020-08-30 08:55:13.426 [ http-nio-8089-exec-1 ] - [ INFO  ] [ o.a.c.core.ContainerBase.[Tomcat].[localhost].[/] : 173 ] - Initializing Spring DispatcherServlet 'dispatcherServlet'
2020-08-30 08:55:13.426 [ http-nio-8089-exec-1 ] - [ INFO  ] [ org.springframework.web.servlet.DispatcherServlet : 525 ] - Initializing Servlet 'dispatcherServlet'
2020-08-30 08:55:13.435 [ http-nio-8089-exec-1 ] - [ INFO  ] [ org.springframework.web.servlet.DispatcherServlet : 547 ] - Completed initialization in 8 ms
2020-08-30 08:55:13.881 [ http-nio-8089-exec-3 ] - [ INFO  ] [ com.moonmagician.reloads.config.LogAspectConfig : 35 ] - 请求地址 : http://localhost:8089/
2020-08-30 08:55:13.882 [ http-nio-8089-exec-3 ] - [ INFO  ] [ com.moonmagician.reloads.config.LogAspectConfig : 36 ] - HTTP METHOD : GET
2020-08-30 08:55:13.894 [ http-nio-8089-exec-3 ] - [ INFO  ] [ com.moonmagician.reloads.config.LogAspectConfig : 39 ] - CLASS_METHOD : com.moonmagician.reloads.controller.LeftMenuController.index
2020-08-30 08:55:13.894 [ http-nio-8089-exec-3 ] - [ INFO  ] [ com.moonmagician.reloads.config.LogAspectConfig : 41 ] - 参数 : []
2020-08-30 08:55:13.898 [ http-nio-8089-exec-3 ] - [ DEBUG ] [ com.moonmagician.reloads.config.LogAspectConfig : 57 ] - 返回值 : index
2020-08-30 08:55:13.898 [ http-nio-8089-exec-3 ] - [ INFO  ] [ com.moonmagician.reloads.config.LogAspectConfig : 50 ] - 耗时 : 17
2020-08-30 09:09:40.601 [ http-nio-8089-exec-9 ] - [ INFO  ] [ com.moonmagician.reloads.config.LogAspectConfig : 35 ] - 请求地址 : http://localhost:8089/
2020-08-30 09:09:40.602 [ http-nio-8089-exec-9 ] - [ INFO  ] [ com.moonmagician.reloads.config.LogAspectConfig : 36 ] - HTTP METHOD : GET
2020-08-30 09:09:40.602 [ http-nio-8089-exec-9 ] - [ INFO  ] [ com.moonmagician.reloads.config.LogAspectConfig : 39 ] - CLASS_METHOD : com.moonmagician.reloads.controller.LeftMenuController.index
2020-08-30 09:09:40.602 [ http-nio-8089-exec-9 ] - [ INFO  ] [ com.moonmagician.reloads.config.LogAspectConfig : 41 ] - 参数 : []
2020-08-30 09:09:40.603 [ http-nio-8089-exec-9 ] - [ DEBUG ] [ com.moonmagician.reloads.config.LogAspectConfig : 57 ] - 返回值 : index
2020-08-30 09:09:40.603 [ http-nio-8089-exec-9 ] - [ INFO  ] [ com.moonmagician.reloads.config.LogAspectConfig : 50 ] - 耗时 : 2
