2020-09-05 14:29:33.932 [ main ] - [ INFO  ] [ com.moonmagician.reloads.ReloadsApplication : 55 ] - Starting ReloadsApplication on DESKTOP-GQFO42A with PID 5592 (F:\JAVA\javaTest\DataStruct\reloads\target\classes started by HP in F:\JAVA\javaTest\DataStruct\reloads)
2020-09-05 14:29:33.937 [ main ] - [ DEBUG ] [ com.moonmagician.reloads.ReloadsApplication : 56 ] - Running with Spring Boot v2.3.3.RELEASE, Spring v5.2.8.RELEASE
2020-09-05 14:29:33.938 [ main ] - [ INFO  ] [ com.moonmagician.reloads.ReloadsApplication : 655 ] - The following profiles are active: dev
2020-09-05 14:29:35.492 [ main ] - [ INFO  ] [ o.s.boot.web.embedded.tomcat.TomcatWebServer : 108 ] - Tomcat initialized with port(s): 9000 (http)
2020-09-05 14:29:35.517 [ main ] - [ INFO  ] [ org.apache.coyote.http11.Http11NioProtocol : 173 ] - Initializing ProtocolHandler ["http-nio-9000"]
2020-09-05 14:29:35.518 [ main ] - [ INFO  ] [ org.apache.catalina.core.StandardService : 173 ] - Starting service [Tomcat]
2020-09-05 14:29:35.518 [ main ] - [ INFO  ] [ org.apache.catalina.core.StandardEngine : 173 ] - Starting Servlet engine: [Apache Tomcat/9.0.37]
2020-09-05 14:29:35.588 [ main ] - [ INFO  ] [ o.a.c.core.ContainerBase.[Tomcat].[localhost].[/] : 173 ] - Initializing Spring embedded WebApplicationContext
2020-09-05 14:29:35.588 [ main ] - [ INFO  ] [ o.s.b.w.s.c.ServletWebServerApplicationContext : 285 ] - Root WebApplicationContext: initialization completed in 1617 ms
2020-09-05 14:29:35.863 [ main ] - [ INFO  ] [ com.alibaba.druid.pool.DruidDataSource : 994 ] - {dataSource-1} inited
2020-09-05 14:29:36.405 [ main ] - [ INFO  ] [ s.d.s.w.PropertySourcedRequestMappingHandlerMapping : 69 ] - Mapped URL path [/v2/api-docs] onto method [springfox.documentation.swagger2.web.Swagger2Controller#getDocumentation(String, HttpServletRequest)]
2020-09-05 14:29:36.498 [ main ] - [ INFO  ] [ o.s.scheduling.concurrent.ThreadPoolTaskExecutor : 181 ] - Initializing ExecutorService 'applicationTaskExecutor'
2020-09-05 14:29:36.569 [ main ] - [ INFO  ] [ o.s.b.a.web.servlet.WelcomePageHandlerMapping : 58 ] - Adding welcome page template: index
2020-09-05 14:29:36.738 [ main ] - [ INFO  ] [ org.apache.coyote.http11.Http11NioProtocol : 173 ] - Starting ProtocolHandler ["http-nio-9000"]
2020-09-05 14:29:36.760 [ main ] - [ INFO  ] [ o.s.boot.web.embedded.tomcat.TomcatWebServer : 220 ] - Tomcat started on port(s): 9000 (http) with context path ''
2020-09-05 14:29:36.761 [ main ] - [ INFO  ] [ s.d.s.web.plugins.DocumentationPluginsBootstrapper : 160 ] - Context refreshed
2020-09-05 14:29:36.771 [ main ] - [ INFO  ] [ s.d.s.web.plugins.DocumentationPluginsBootstrapper : 163 ] - Found 1 custom documentation plugin(s)
2020-09-05 14:29:36.790 [ main ] - [ INFO  ] [ s.d.spring.web.scanners.ApiListingReferenceScanner : 41 ] - Scanning for api listing references
2020-09-05 14:29:36.816 [ main ] - [ INFO  ] [ com.moonmagician.reloads.ReloadsApplication : 61 ] - Started ReloadsApplication in 3.471 seconds (JVM running for 4.424)
2020-09-05 14:39:29.569 [ http-nio-9000-exec-1 ] - [ INFO  ] [ o.a.c.core.ContainerBase.[Tomcat].[localhost].[/] : 173 ] - Initializing Spring DispatcherServlet 'dispatcherServlet'
2020-09-05 14:39:29.569 [ http-nio-9000-exec-1 ] - [ INFO  ] [ org.springframework.web.servlet.DispatcherServlet : 525 ] - Initializing Servlet 'dispatcherServlet'
2020-09-05 14:39:29.575 [ http-nio-9000-exec-1 ] - [ INFO  ] [ org.springframework.web.servlet.DispatcherServlet : 547 ] - Completed initialization in 6 ms
2020-09-05 14:39:29.637 [ http-nio-9000-exec-1 ] - [ INFO  ] [ com.moonmagician.reloads.config.LogAspectConfig : 35 ] - 请求地址 : http://localhost:9000/
2020-09-05 14:39:29.637 [ http-nio-9000-exec-1 ] - [ INFO  ] [ com.moonmagician.reloads.config.LogAspectConfig : 36 ] - HTTP METHOD : GET
2020-09-05 14:39:29.638 [ http-nio-9000-exec-1 ] - [ INFO  ] [ com.moonmagician.reloads.config.LogAspectConfig : 39 ] - CLASS_METHOD : com.moonmagician.reloads.controller.LeftMenuController.index
2020-09-05 14:39:29.638 [ http-nio-9000-exec-1 ] - [ INFO  ] [ com.moonmagician.reloads.config.LogAspectConfig : 41 ] - 参数 : []
2020-09-05 14:39:29.641 [ http-nio-9000-exec-1 ] - [ DEBUG ] [ com.moonmagician.reloads.config.LogAspectConfig : 57 ] - 返回值 : index
2020-09-05 14:39:29.642 [ http-nio-9000-exec-1 ] - [ INFO  ] [ com.moonmagician.reloads.config.LogAspectConfig : 50 ] - 耗时 : 6
2020-09-05 18:44:19.827 [ main ] - [ INFO  ] [ com.moonmagician.reloads.ReloadsApplication : 55 ] - Starting ReloadsApplication on DESKTOP-GQFO42A with PID 19136 (F:\JAVA\javaTest\DataStruct\reloads\target\classes started by HP in F:\JAVA\javaTest\DataStruct\reloads)
2020-09-05 18:44:19.829 [ main ] - [ DEBUG ] [ com.moonmagician.reloads.ReloadsApplication : 56 ] - Running with Spring Boot v2.3.3.RELEASE, Spring v5.2.8.RELEASE
2020-09-05 18:44:19.829 [ main ] - [ INFO  ] [ com.moonmagician.reloads.ReloadsApplication : 655 ] - The following profiles are active: dev
2020-09-05 18:44:23.015 [ main ] - [ INFO  ] [ o.s.boot.web.embedded.tomcat.TomcatWebServer : 108 ] - Tomcat initialized with port(s): 9000 (http)
2020-09-05 18:44:23.054 [ main ] - [ INFO  ] [ org.apache.coyote.http11.Http11NioProtocol : 173 ] - Initializing ProtocolHandler ["http-nio-9000"]
2020-09-05 18:44:23.054 [ main ] - [ INFO  ] [ org.apache.catalina.core.StandardService : 173 ] - Starting service [Tomcat]
2020-09-05 18:44:23.055 [ main ] - [ INFO  ] [ org.apache.catalina.core.StandardEngine : 173 ] - Starting Servlet engine: [Apache Tomcat/9.0.37]
2020-09-05 18:44:23.243 [ main ] - [ INFO  ] [ o.a.c.core.ContainerBase.[Tomcat].[localhost].[/] : 173 ] - Initializing Spring embedded WebApplicationContext
2020-09-05 18:44:23.243 [ main ] - [ INFO  ] [ o.s.b.w.s.c.ServletWebServerApplicationContext : 285 ] - Root WebApplicationContext: initialization completed in 3382 ms
2020-09-05 18:44:24.912 [ main ] - [ INFO  ] [ com.alibaba.druid.pool.DruidDataSource : 994 ] - {dataSource-1} inited
2020-09-05 18:44:27.009 [ main ] - [ INFO  ] [ s.d.s.w.PropertySourcedRequestMappingHandlerMapping : 69 ] - Mapped URL path [/v2/api-docs] onto method [springfox.documentation.swagger2.web.Swagger2Controller#getDocumentation(String, HttpServletRequest)]
2020-09-05 18:44:27.164 [ main ] - [ INFO  ] [ o.s.scheduling.concurrent.ThreadPoolTaskExecutor : 181 ] - Initializing ExecutorService 'applicationTaskExecutor'
2020-09-05 18:44:27.216 [ main ] - [ INFO  ] [ o.s.b.a.web.servlet.WelcomePageHandlerMapping : 58 ] - Adding welcome page template: index
2020-09-05 18:44:27.418 [ main ] - [ INFO  ] [ org.apache.coyote.http11.Http11NioProtocol : 173 ] - Starting ProtocolHandler ["http-nio-9000"]
2020-09-05 18:44:27.441 [ main ] - [ INFO  ] [ o.s.boot.web.embedded.tomcat.TomcatWebServer : 220 ] - Tomcat started on port(s): 9000 (http) with context path ''
2020-09-05 18:44:27.441 [ main ] - [ INFO  ] [ s.d.s.web.plugins.DocumentationPluginsBootstrapper : 160 ] - Context refreshed
2020-09-05 18:44:27.513 [ main ] - [ INFO  ] [ s.d.s.web.plugins.DocumentationPluginsBootstrapper : 163 ] - Found 1 custom documentation plugin(s)
2020-09-05 18:44:27.556 [ main ] - [ INFO  ] [ s.d.spring.web.scanners.ApiListingReferenceScanner : 41 ] - Scanning for api listing references
2020-09-05 18:44:27.697 [ main ] - [ INFO  ] [ com.moonmagician.reloads.ReloadsApplication : 61 ] - Started ReloadsApplication in 8.926 seconds (JVM running for 10.203)
2020-09-05 18:44:31.995 [ http-nio-9000-exec-1 ] - [ INFO  ] [ o.a.c.core.ContainerBase.[Tomcat].[localhost].[/] : 173 ] - Initializing Spring DispatcherServlet 'dispatcherServlet'
2020-09-05 18:44:31.996 [ http-nio-9000-exec-1 ] - [ INFO  ] [ org.springframework.web.servlet.DispatcherServlet : 525 ] - Initializing Servlet 'dispatcherServlet'
2020-09-05 18:44:32.002 [ http-nio-9000-exec-1 ] - [ INFO  ] [ org.springframework.web.servlet.DispatcherServlet : 547 ] - Completed initialization in 6 ms
2020-09-05 18:44:32.060 [ http-nio-9000-exec-1 ] - [ INFO  ] [ com.moonmagician.reloads.config.LogAspectConfig : 35 ] - 请求地址 : http://localhost:9000/
2020-09-05 18:44:32.060 [ http-nio-9000-exec-1 ] - [ INFO  ] [ com.moonmagician.reloads.config.LogAspectConfig : 36 ] - HTTP METHOD : GET
2020-09-05 18:44:32.061 [ http-nio-9000-exec-1 ] - [ INFO  ] [ com.moonmagician.reloads.config.LogAspectConfig : 39 ] - CLASS_METHOD : com.moonmagician.reloads.controller.LeftMenuController.index
2020-09-05 18:44:32.061 [ http-nio-9000-exec-1 ] - [ INFO  ] [ com.moonmagician.reloads.config.LogAspectConfig : 41 ] - 参数 : []
2020-09-05 18:44:32.064 [ http-nio-9000-exec-1 ] - [ DEBUG ] [ com.moonmagician.reloads.config.LogAspectConfig : 57 ] - 返回值 : index
2020-09-05 18:44:32.065 [ http-nio-9000-exec-1 ] - [ INFO  ] [ com.moonmagician.reloads.config.LogAspectConfig : 50 ] - 耗时 : 6
2020-09-05 18:56:00.613 [ http-nio-9000-exec-3 ] - [ INFO  ] [ com.moonmagician.reloads.config.LogAspectConfig : 35 ] - 请求地址 : http://localhost:9000/
2020-09-05 18:56:00.613 [ http-nio-9000-exec-3 ] - [ INFO  ] [ com.moonmagician.reloads.config.LogAspectConfig : 36 ] - HTTP METHOD : GET
2020-09-05 18:56:00.613 [ http-nio-9000-exec-3 ] - [ INFO  ] [ com.moonmagician.reloads.config.LogAspectConfig : 39 ] - CLASS_METHOD : com.moonmagician.reloads.controller.LeftMenuController.index
2020-09-05 18:56:00.614 [ http-nio-9000-exec-3 ] - [ INFO  ] [ com.moonmagician.reloads.config.LogAspectConfig : 41 ] - 参数 : []
2020-09-05 18:56:00.614 [ http-nio-9000-exec-3 ] - [ DEBUG ] [ com.moonmagician.reloads.config.LogAspectConfig : 57 ] - 返回值 : index
2020-09-05 18:56:00.614 [ http-nio-9000-exec-3 ] - [ INFO  ] [ com.moonmagician.reloads.config.LogAspectConfig : 50 ] - 耗时 : 1
2020-09-05 18:56:01.253 [ http-nio-9000-exec-10 ] - [ INFO  ] [ com.moonmagician.reloads.config.LogAspectConfig : 35 ] - 请求地址 : http://localhost:9000/talk
2020-09-05 18:56:01.254 [ http-nio-9000-exec-10 ] - [ INFO  ] [ com.moonmagician.reloads.config.LogAspectConfig : 36 ] - HTTP METHOD : GET
2020-09-05 18:56:01.254 [ http-nio-9000-exec-10 ] - [ INFO  ] [ com.moonmagician.reloads.config.LogAspectConfig : 39 ] - CLASS_METHOD : com.moonmagician.reloads.controller.LeftMenuController.talk
2020-09-05 18:56:01.254 [ http-nio-9000-exec-10 ] - [ INFO  ] [ com.moonmagician.reloads.config.LogAspectConfig : 41 ] - 参数 : []
2020-09-05 18:56:01.254 [ http-nio-9000-exec-10 ] - [ DEBUG ] [ com.moonmagician.reloads.config.LogAspectConfig : 57 ] - 返回值 : /bar/navigation/talk
2020-09-05 18:56:01.254 [ http-nio-9000-exec-10 ] - [ INFO  ] [ com.moonmagician.reloads.config.LogAspectConfig : 50 ] - 耗时 : 1
2020-09-05 18:56:02.001 [ http-nio-9000-exec-6 ] - [ INFO  ] [ com.moonmagician.reloads.config.LogAspectConfig : 35 ] - 请求地址 : http://localhost:9000/
2020-09-05 18:56:02.002 [ http-nio-9000-exec-6 ] - [ INFO  ] [ com.moonmagician.reloads.config.LogAspectConfig : 36 ] - HTTP METHOD : GET
2020-09-05 18:56:02.002 [ http-nio-9000-exec-6 ] - [ INFO  ] [ com.moonmagician.reloads.config.LogAspectConfig : 39 ] - CLASS_METHOD : com.moonmagician.reloads.controller.LeftMenuController.index
2020-09-05 18:56:02.002 [ http-nio-9000-exec-6 ] - [ INFO  ] [ com.moonmagician.reloads.config.LogAspectConfig : 41 ] - 参数 : []
2020-09-05 18:56:02.002 [ http-nio-9000-exec-6 ] - [ DEBUG ] [ com.moonmagician.reloads.config.LogAspectConfig : 57 ] - 返回值 : index
2020-09-05 18:56:02.003 [ http-nio-9000-exec-6 ] - [ INFO  ] [ com.moonmagician.reloads.config.LogAspectConfig : 50 ] - 耗时 : 2
2020-09-05 18:56:03.204 [ http-nio-9000-exec-7 ] - [ INFO  ] [ com.moonmagician.reloads.config.LogAspectConfig : 35 ] - 请求地址 : http://localhost:9000/userlog
2020-09-05 18:56:03.204 [ http-nio-9000-exec-7 ] - [ INFO  ] [ com.moonmagician.reloads.config.LogAspectConfig : 36 ] - HTTP METHOD : GET
2020-09-05 18:56:03.204 [ http-nio-9000-exec-7 ] - [ INFO  ] [ com.moonmagician.reloads.config.LogAspectConfig : 39 ] - CLASS_METHOD : com.moonmagician.reloads.controller.LoginController.userlog
2020-09-05 18:56:03.204 [ http-nio-9000-exec-7 ] - [ INFO  ] [ com.moonmagician.reloads.config.LogAspectConfig : 41 ] - 参数 : []
2020-09-05 18:56:03.207 [ http-nio-9000-exec-7 ] - [ DEBUG ] [ com.moonmagician.reloads.config.LogAspectConfig : 57 ] - 返回值 : /logins/login
2020-09-05 18:56:03.207 [ http-nio-9000-exec-7 ] - [ INFO  ] [ com.moonmagician.reloads.config.LogAspectConfig : 50 ] - 耗时 : 3
2020-09-05 18:56:07.417 [ http-nio-9000-exec-2 ] - [ INFO  ] [ com.moonmagician.reloads.config.LogAspectConfig : 35 ] - 请求地址 : http://localhost:9000/login
2020-09-05 18:56:07.417 [ http-nio-9000-exec-2 ] - [ INFO  ] [ com.moonmagician.reloads.config.LogAspectConfig : 36 ] - HTTP METHOD : POST
2020-09-05 18:56:07.417 [ http-nio-9000-exec-2 ] - [ INFO  ] [ com.moonmagician.reloads.config.LogAspectConfig : 39 ] - CLASS_METHOD : com.moonmagician.reloads.controller.LoginController.login
2020-09-05 18:56:07.418 [ http-nio-9000-exec-2 ] - [ INFO  ] [ com.moonmagician.reloads.config.LogAspectConfig : 41 ] - 参数 : [admin, 123456, org.apache.catalina.session.StandardSessionFacade@8c662b3]
2020-09-05 18:56:07.485 [ http-nio-9000-exec-2 ] - [ DEBUG ] [ c.m.reloads.mapper.ConsumerMapper.selectList : 143 ] - ==>  Preparing: SELECT id,username,password,head_portrait,message,emailcount,tipcount FROM consumer 
2020-09-05 18:56:07.513 [ http-nio-9000-exec-2 ] - [ DEBUG ] [ c.m.reloads.mapper.ConsumerMapper.selectList : 143 ] - ==> Parameters: 
2020-09-05 18:56:07.570 [ http-nio-9000-exec-2 ] - [ DEBUG ] [ c.m.reloads.mapper.ConsumerMapper.selectList : 143 ] - <==      Total: 2
2020-09-05 18:56:07.571 [ http-nio-9000-exec-2 ] - [ DEBUG ] [ com.moonmagician.reloads.config.LogAspectConfig : 57 ] - 返回值 : redirect:/
2020-09-05 18:56:07.571 [ http-nio-9000-exec-2 ] - [ INFO  ] [ com.moonmagician.reloads.config.LogAspectConfig : 50 ] - 耗时 : 154
2020-09-05 18:56:07.599 [ http-nio-9000-exec-1 ] - [ INFO  ] [ com.moonmagician.reloads.config.LogAspectConfig : 35 ] - 请求地址 : http://localhost:9000/;jsessionid=63A7403498699BBE409D69012E520BA2
2020-09-05 18:56:07.599 [ http-nio-9000-exec-1 ] - [ INFO  ] [ com.moonmagician.reloads.config.LogAspectConfig : 36 ] - HTTP METHOD : GET
2020-09-05 18:56:07.600 [ http-nio-9000-exec-1 ] - [ INFO  ] [ com.moonmagician.reloads.config.LogAspectConfig : 39 ] - CLASS_METHOD : com.moonmagician.reloads.controller.LeftMenuController.index
2020-09-05 18:56:07.600 [ http-nio-9000-exec-1 ] - [ INFO  ] [ com.moonmagician.reloads.config.LogAspectConfig : 41 ] - 参数 : []
2020-09-05 18:56:07.600 [ http-nio-9000-exec-1 ] - [ DEBUG ] [ com.moonmagician.reloads.config.LogAspectConfig : 57 ] - 返回值 : index
2020-09-05 18:56:07.600 [ http-nio-9000-exec-1 ] - [ INFO  ] [ com.moonmagician.reloads.config.LogAspectConfig : 50 ] - 耗时 : 1
2020-09-05 18:58:35.108 [ main ] - [ INFO  ] [ com.moonmagician.reloads.ReloadsApplication : 55 ] - Starting ReloadsApplication on DESKTOP-GQFO42A with PID 5336 (F:\JAVA\javaTest\DataStruct\reloads\target\classes started by HP in F:\JAVA\javaTest\DataStruct\reloads)
2020-09-05 18:58:35.110 [ main ] - [ DEBUG ] [ com.moonmagician.reloads.ReloadsApplication : 56 ] - Running with Spring Boot v2.3.3.RELEASE, Spring v5.2.8.RELEASE
2020-09-05 18:58:35.110 [ main ] - [ INFO  ] [ com.moonmagician.reloads.ReloadsApplication : 655 ] - The following profiles are active: dev
2020-09-05 18:58:36.127 [ main ] - [ INFO  ] [ o.s.boot.web.embedded.tomcat.TomcatWebServer : 108 ] - Tomcat initialized with port(s): 9000 (http)
2020-09-05 18:58:36.134 [ main ] - [ INFO  ] [ org.apache.coyote.http11.Http11NioProtocol : 173 ] - Initializing ProtocolHandler ["http-nio-9000"]
2020-09-05 18:58:36.135 [ main ] - [ INFO  ] [ org.apache.catalina.core.StandardService : 173 ] - Starting service [Tomcat]
2020-09-05 18:58:36.135 [ main ] - [ INFO  ] [ org.apache.catalina.core.StandardEngine : 173 ] - Starting Servlet engine: [Apache Tomcat/9.0.37]
2020-09-05 18:58:36.209 [ main ] - [ INFO  ] [ o.a.c.core.ContainerBase.[Tomcat].[localhost].[/] : 173 ] - Initializing Spring embedded WebApplicationContext
2020-09-05 18:58:36.209 [ main ] - [ INFO  ] [ o.s.b.w.s.c.ServletWebServerApplicationContext : 285 ] - Root WebApplicationContext: initialization completed in 1066 ms
2020-09-05 18:58:36.421 [ main ] - [ INFO  ] [ com.alibaba.druid.pool.DruidDataSource : 994 ] - {dataSource-1} inited
2020-09-05 18:58:36.842 [ main ] - [ INFO  ] [ s.d.s.w.PropertySourcedRequestMappingHandlerMapping : 69 ] - Mapped URL path [/v2/api-docs] onto method [springfox.documentation.swagger2.web.Swagger2Controller#getDocumentation(String, HttpServletRequest)]
2020-09-05 18:58:36.931 [ main ] - [ INFO  ] [ o.s.scheduling.concurrent.ThreadPoolTaskExecutor : 181 ] - Initializing ExecutorService 'applicationTaskExecutor'
2020-09-05 18:58:36.971 [ main ] - [ INFO  ] [ o.s.b.a.web.servlet.WelcomePageHandlerMapping : 58 ] - Adding welcome page template: index
2020-09-05 18:58:37.109 [ main ] - [ INFO  ] [ org.apache.coyote.http11.Http11NioProtocol : 173 ] - Starting ProtocolHandler ["http-nio-9000"]
2020-09-05 18:58:37.123 [ main ] - [ INFO  ] [ o.s.boot.web.embedded.tomcat.TomcatWebServer : 220 ] - Tomcat started on port(s): 9000 (http) with context path ''
2020-09-05 18:58:37.124 [ main ] - [ INFO  ] [ s.d.s.web.plugins.DocumentationPluginsBootstrapper : 160 ] - Context refreshed
2020-09-05 18:58:37.134 [ main ] - [ INFO  ] [ s.d.s.web.plugins.DocumentationPluginsBootstrapper : 163 ] - Found 1 custom documentation plugin(s)
2020-09-05 18:58:37.153 [ main ] - [ INFO  ] [ s.d.spring.web.scanners.ApiListingReferenceScanner : 41 ] - Scanning for api listing references
2020-09-05 18:58:37.166 [ main ] - [ INFO  ] [ com.moonmagician.reloads.ReloadsApplication : 61 ] - Started ReloadsApplication in 2.389 seconds (JVM running for 3.082)
2020-09-05 18:58:38.746 [ http-nio-9000-exec-1 ] - [ INFO  ] [ o.a.c.core.ContainerBase.[Tomcat].[localhost].[/] : 173 ] - Initializing Spring DispatcherServlet 'dispatcherServlet'
2020-09-05 18:58:38.746 [ http-nio-9000-exec-1 ] - [ INFO  ] [ org.springframework.web.servlet.DispatcherServlet : 525 ] - Initializing Servlet 'dispatcherServlet'
2020-09-05 18:58:38.752 [ http-nio-9000-exec-1 ] - [ INFO  ] [ org.springframework.web.servlet.DispatcherServlet : 547 ] - Completed initialization in 6 ms
2020-09-05 18:58:38.769 [ http-nio-9000-exec-1 ] - [ INFO  ] [ com.moonmagician.reloads.config.LogAspectConfig : 35 ] - 请求地址 : http://localhost:9000/;jsessionid=63A7403498699BBE409D69012E520BA2
2020-09-05 18:58:38.770 [ http-nio-9000-exec-1 ] - [ INFO  ] [ com.moonmagician.reloads.config.LogAspectConfig : 36 ] - HTTP METHOD : GET
2020-09-05 18:58:38.771 [ http-nio-9000-exec-1 ] - [ INFO  ] [ com.moonmagician.reloads.config.LogAspectConfig : 39 ] - CLASS_METHOD : com.moonmagician.reloads.controller.LeftMenuController.index
2020-09-05 18:58:38.771 [ http-nio-9000-exec-1 ] - [ INFO  ] [ com.moonmagician.reloads.config.LogAspectConfig : 41 ] - 参数 : []
2020-09-05 18:58:38.774 [ http-nio-9000-exec-1 ] - [ DEBUG ] [ com.moonmagician.reloads.config.LogAspectConfig : 57 ] - 返回值 : index
2020-09-05 18:58:38.774 [ http-nio-9000-exec-1 ] - [ INFO  ] [ com.moonmagician.reloads.config.LogAspectConfig : 50 ] - 耗时 : 5
2020-09-05 18:58:41.500 [ http-nio-9000-exec-3 ] - [ INFO  ] [ com.moonmagician.reloads.config.LogAspectConfig : 35 ] - 请求地址 : http://localhost:9000/;jsessionid=63A7403498699BBE409D69012E520BA2
2020-09-05 18:58:41.500 [ http-nio-9000-exec-3 ] - [ INFO  ] [ com.moonmagician.reloads.config.LogAspectConfig : 36 ] - HTTP METHOD : GET
2020-09-05 18:58:41.500 [ http-nio-9000-exec-3 ] - [ INFO  ] [ com.moonmagician.reloads.config.LogAspectConfig : 39 ] - CLASS_METHOD : com.moonmagician.reloads.controller.LeftMenuController.index
2020-09-05 18:58:41.500 [ http-nio-9000-exec-3 ] - [ INFO  ] [ com.moonmagician.reloads.config.LogAspectConfig : 41 ] - 参数 : []
2020-09-05 18:58:41.501 [ http-nio-9000-exec-3 ] - [ DEBUG ] [ com.moonmagician.reloads.config.LogAspectConfig : 57 ] - 返回值 : index
2020-09-05 18:58:41.501 [ http-nio-9000-exec-3 ] - [ INFO  ] [ com.moonmagician.reloads.config.LogAspectConfig : 50 ] - 耗时 : 1
2020-09-05 18:58:43.192 [ http-nio-9000-exec-4 ] - [ INFO  ] [ com.moonmagician.reloads.config.LogAspectConfig : 35 ] - 请求地址 : http://localhost:9000/userlog
2020-09-05 18:58:43.193 [ http-nio-9000-exec-4 ] - [ INFO  ] [ com.moonmagician.reloads.config.LogAspectConfig : 36 ] - HTTP METHOD : GET
2020-09-05 18:58:43.193 [ http-nio-9000-exec-4 ] - [ INFO  ] [ com.moonmagician.reloads.config.LogAspectConfig : 39 ] - CLASS_METHOD : com.moonmagician.reloads.controller.LoginController.userlog
2020-09-05 18:58:43.193 [ http-nio-9000-exec-4 ] - [ INFO  ] [ com.moonmagician.reloads.config.LogAspectConfig : 41 ] - 参数 : []
2020-09-05 18:58:43.196 [ http-nio-9000-exec-4 ] - [ DEBUG ] [ com.moonmagician.reloads.config.LogAspectConfig : 57 ] - 返回值 : /logins/login
2020-09-05 18:58:43.196 [ http-nio-9000-exec-4 ] - [ INFO  ] [ com.moonmagician.reloads.config.LogAspectConfig : 50 ] - 耗时 : 4
2020-09-05 18:58:48.375 [ http-nio-9000-exec-1 ] - [ INFO  ] [ com.moonmagician.reloads.config.LogAspectConfig : 35 ] - 请求地址 : http://localhost:9000/login
2020-09-05 18:58:48.376 [ http-nio-9000-exec-1 ] - [ INFO  ] [ com.moonmagician.reloads.config.LogAspectConfig : 36 ] - HTTP METHOD : POST
2020-09-05 18:58:48.376 [ http-nio-9000-exec-1 ] - [ INFO  ] [ com.moonmagician.reloads.config.LogAspectConfig : 39 ] - CLASS_METHOD : com.moonmagician.reloads.controller.LoginController.login
2020-09-05 18:58:48.376 [ http-nio-9000-exec-1 ] - [ INFO  ] [ com.moonmagician.reloads.config.LogAspectConfig : 41 ] - 参数 : [caochen, 123456, org.apache.catalina.session.StandardSessionFacade@1769c947]
2020-09-05 18:58:48.405 [ http-nio-9000-exec-1 ] - [ DEBUG ] [ c.m.reloads.mapper.ConsumerMapper.selectList : 143 ] - ==>  Preparing: SELECT id,username,password,head_portrait,message,emailcount,tipcount FROM consumer 
2020-09-05 18:58:48.419 [ http-nio-9000-exec-1 ] - [ DEBUG ] [ c.m.reloads.mapper.ConsumerMapper.selectList : 143 ] - ==> Parameters: 
2020-09-05 18:58:48.433 [ http-nio-9000-exec-1 ] - [ DEBUG ] [ c.m.reloads.mapper.ConsumerMapper.selectList : 143 ] - <==      Total: 2
2020-09-05 18:58:48.435 [ http-nio-9000-exec-1 ] - [ DEBUG ] [ com.moonmagician.reloads.config.LogAspectConfig : 57 ] - 返回值 : redirect:/
2020-09-05 18:58:48.435 [ http-nio-9000-exec-1 ] - [ INFO  ] [ com.moonmagician.reloads.config.LogAspectConfig : 50 ] - 耗时 : 60
2020-09-05 18:58:48.444 [ http-nio-9000-exec-9 ] - [ INFO  ] [ com.moonmagician.reloads.config.LogAspectConfig : 35 ] - 请求地址 : http://localhost:9000/
2020-09-05 18:58:48.444 [ http-nio-9000-exec-9 ] - [ INFO  ] [ com.moonmagician.reloads.config.LogAspectConfig : 36 ] - HTTP METHOD : GET
2020-09-05 18:58:48.444 [ http-nio-9000-exec-9 ] - [ INFO  ] [ com.moonmagician.reloads.config.LogAspectConfig : 39 ] - CLASS_METHOD : com.moonmagician.reloads.controller.LeftMenuController.index
2020-09-05 18:58:48.444 [ http-nio-9000-exec-9 ] - [ INFO  ] [ com.moonmagician.reloads.config.LogAspectConfig : 41 ] - 参数 : []
2020-09-05 18:58:48.445 [ http-nio-9000-exec-9 ] - [ DEBUG ] [ com.moonmagician.reloads.config.LogAspectConfig : 57 ] - 返回值 : index
2020-09-05 18:58:48.445 [ http-nio-9000-exec-9 ] - [ INFO  ] [ com.moonmagician.reloads.config.LogAspectConfig : 50 ] - 耗时 : 1
2020-09-05 18:58:50.639 [ http-nio-9000-exec-3 ] - [ INFO  ] [ com.moonmagician.reloads.config.LogAspectConfig : 35 ] - 请求地址 : http://localhost:9000/logout
2020-09-05 18:58:50.639 [ http-nio-9000-exec-3 ] - [ INFO  ] [ com.moonmagician.reloads.config.LogAspectConfig : 36 ] - HTTP METHOD : GET
2020-09-05 18:58:50.639 [ http-nio-9000-exec-3 ] - [ INFO  ] [ com.moonmagician.reloads.config.LogAspectConfig : 39 ] - CLASS_METHOD : com.moonmagician.reloads.controller.LoginController.logout
2020-09-05 18:58:50.640 [ http-nio-9000-exec-3 ] - [ INFO  ] [ com.moonmagician.reloads.config.LogAspectConfig : 41 ] - 参数 : [org.apache.catalina.connector.RequestFacade@cf8adcd]
2020-09-05 18:58:50.640 [ http-nio-9000-exec-3 ] - [ DEBUG ] [ com.moonmagician.reloads.config.LogAspectConfig : 57 ] - 返回值 : redirect:/
2020-09-05 18:58:50.641 [ http-nio-9000-exec-3 ] - [ INFO  ] [ com.moonmagician.reloads.config.LogAspectConfig : 50 ] - 耗时 : 3
2020-09-05 18:58:50.644 [ http-nio-9000-exec-6 ] - [ INFO  ] [ com.moonmagician.reloads.config.LogAspectConfig : 35 ] - 请求地址 : http://localhost:9000/
2020-09-05 18:58:50.644 [ http-nio-9000-exec-6 ] - [ INFO  ] [ com.moonmagician.reloads.config.LogAspectConfig : 36 ] - HTTP METHOD : GET
2020-09-05 18:58:50.645 [ http-nio-9000-exec-6 ] - [ INFO  ] [ com.moonmagician.reloads.config.LogAspectConfig : 39 ] - CLASS_METHOD : com.moonmagician.reloads.controller.LeftMenuController.index
2020-09-05 18:58:50.645 [ http-nio-9000-exec-6 ] - [ INFO  ] [ com.moonmagician.reloads.config.LogAspectConfig : 41 ] - 参数 : []
2020-09-05 18:58:50.645 [ http-nio-9000-exec-6 ] - [ DEBUG ] [ com.moonmagician.reloads.config.LogAspectConfig : 57 ] - 返回值 : index
2020-09-05 18:58:50.646 [ http-nio-9000-exec-6 ] - [ INFO  ] [ com.moonmagician.reloads.config.LogAspectConfig : 50 ] - 耗时 : 2
2020-09-05 19:15:39.906 [ http-nio-9000-exec-9 ] - [ INFO  ] [ com.moonmagician.reloads.config.LogAspectConfig : 35 ] - 请求地址 : http://localhost:9000/userlog
2020-09-05 19:15:39.907 [ http-nio-9000-exec-9 ] - [ INFO  ] [ com.moonmagician.reloads.config.LogAspectConfig : 36 ] - HTTP METHOD : GET
2020-09-05 19:15:39.907 [ http-nio-9000-exec-9 ] - [ INFO  ] [ com.moonmagician.reloads.config.LogAspectConfig : 39 ] - CLASS_METHOD : com.moonmagician.reloads.controller.LoginController.userlog
2020-09-05 19:15:39.907 [ http-nio-9000-exec-9 ] - [ INFO  ] [ com.moonmagician.reloads.config.LogAspectConfig : 41 ] - 参数 : []
2020-09-05 19:15:39.907 [ http-nio-9000-exec-9 ] - [ DEBUG ] [ com.moonmagician.reloads.config.LogAspectConfig : 57 ] - 返回值 : /logins/login
2020-09-05 19:15:39.907 [ http-nio-9000-exec-9 ] - [ INFO  ] [ com.moonmagician.reloads.config.LogAspectConfig : 50 ] - 耗时 : 1
2020-09-05 19:15:43.160 [ http-nio-9000-exec-7 ] - [ INFO  ] [ com.moonmagician.reloads.config.LogAspectConfig : 35 ] - 请求地址 : http://localhost:9000/login
2020-09-05 19:15:43.161 [ http-nio-9000-exec-7 ] - [ INFO  ] [ com.moonmagician.reloads.config.LogAspectConfig : 36 ] - HTTP METHOD : POST
2020-09-05 19:15:43.161 [ http-nio-9000-exec-7 ] - [ INFO  ] [ com.moonmagician.reloads.config.LogAspectConfig : 39 ] - CLASS_METHOD : com.moonmagician.reloads.controller.LoginController.login
2020-09-05 19:15:43.161 [ http-nio-9000-exec-7 ] - [ INFO  ] [ com.moonmagician.reloads.config.LogAspectConfig : 41 ] - 参数 : [admin, 123456, org.apache.catalina.session.StandardSessionFacade@1769c947]
2020-09-05 19:15:43.167 [ http-nio-9000-exec-7 ] - [ DEBUG ] [ c.m.reloads.mapper.ConsumerMapper.selectList : 143 ] - ==>  Preparing: SELECT id,username,password,head_portrait,message,emailcount,tipcount FROM consumer 
2020-09-05 19:15:43.167 [ http-nio-9000-exec-7 ] - [ DEBUG ] [ c.m.reloads.mapper.ConsumerMapper.selectList : 143 ] - ==> Parameters: 
2020-09-05 19:15:43.169 [ http-nio-9000-exec-7 ] - [ DEBUG ] [ c.m.reloads.mapper.ConsumerMapper.selectList : 143 ] - <==      Total: 2
2020-09-05 19:15:43.170 [ http-nio-9000-exec-7 ] - [ DEBUG ] [ com.moonmagician.reloads.config.LogAspectConfig : 57 ] - 返回值 : redirect:/
2020-09-05 19:15:43.170 [ http-nio-9000-exec-7 ] - [ INFO  ] [ com.moonmagician.reloads.config.LogAspectConfig : 50 ] - 耗时 : 10
2020-09-05 19:15:43.173 [ http-nio-9000-exec-3 ] - [ INFO  ] [ com.moonmagician.reloads.config.LogAspectConfig : 35 ] - 请求地址 : http://localhost:9000/
2020-09-05 19:15:43.173 [ http-nio-9000-exec-3 ] - [ INFO  ] [ com.moonmagician.reloads.config.LogAspectConfig : 36 ] - HTTP METHOD : GET
2020-09-05 19:15:43.174 [ http-nio-9000-exec-3 ] - [ INFO  ] [ com.moonmagician.reloads.config.LogAspectConfig : 39 ] - CLASS_METHOD : com.moonmagician.reloads.controller.LeftMenuController.index
2020-09-05 19:15:43.174 [ http-nio-9000-exec-3 ] - [ INFO  ] [ com.moonmagician.reloads.config.LogAspectConfig : 41 ] - 参数 : []
2020-09-05 19:15:43.174 [ http-nio-9000-exec-3 ] - [ DEBUG ] [ com.moonmagician.reloads.config.LogAspectConfig : 57 ] - 返回值 : index
2020-09-05 19:15:43.174 [ http-nio-9000-exec-3 ] - [ INFO  ] [ com.moonmagician.reloads.config.LogAspectConfig : 50 ] - 耗时 : 1
