2020-09-08 21:01:48.583 [ main ] - [ INFO  ] [ com.moonmagician.reloads.ReloadsApplication : 55 ] - Starting ReloadsApplication on DESKTOP-GQFO42A with PID 18812 (F:\JAVA\javaTest\DataStruct\reloads\target\classes started by HP in F:\JAVA\javaTest\DataStruct\reloads)
2020-09-08 21:01:48.594 [ main ] - [ DEBUG ] [ com.moonmagician.reloads.ReloadsApplication : 56 ] - Running with Spring Boot v2.3.3.RELEASE, Spring v5.2.8.RELEASE
2020-09-08 21:01:48.594 [ main ] - [ INFO  ] [ com.moonmagician.reloads.ReloadsApplication : 655 ] - The following profiles are active: dev
2020-09-08 21:01:51.360 [ main ] - [ INFO  ] [ o.s.boot.web.embedded.tomcat.TomcatWebServer : 108 ] - Tomcat initialized with port(s): 9000 (http)
2020-09-08 21:01:51.384 [ main ] - [ INFO  ] [ org.apache.coyote.http11.Http11NioProtocol : 173 ] - Initializing ProtocolHandler ["http-nio-9000"]
2020-09-08 21:01:51.385 [ main ] - [ INFO  ] [ org.apache.catalina.core.StandardService : 173 ] - Starting service [Tomcat]
2020-09-08 21:01:51.385 [ main ] - [ INFO  ] [ org.apache.catalina.core.StandardEngine : 173 ] - Starting Servlet engine: [Apache Tomcat/9.0.37]
2020-09-08 21:01:51.492 [ main ] - [ INFO  ] [ o.a.c.core.ContainerBase.[Tomcat].[localhost].[/] : 173 ] - Initializing Spring embedded WebApplicationContext
2020-09-08 21:01:51.492 [ main ] - [ INFO  ] [ o.s.b.w.s.c.ServletWebServerApplicationContext : 285 ] - Root WebApplicationContext: initialization completed in 2833 ms
2020-09-08 21:01:52.146 [ main ] - [ INFO  ] [ com.alibaba.druid.pool.DruidDataSource : 994 ] - {dataSource-1} inited
2020-09-08 21:01:53.356 [ main ] - [ INFO  ] [ s.d.s.w.PropertySourcedRequestMappingHandlerMapping : 69 ] - Mapped URL path [/v2/api-docs] onto method [springfox.documentation.swagger2.web.Swagger2Controller#getDocumentation(String, HttpServletRequest)]
2020-09-08 21:01:53.504 [ main ] - [ INFO  ] [ o.s.scheduling.concurrent.ThreadPoolTaskExecutor : 181 ] - Initializing ExecutorService 'applicationTaskExecutor'
2020-09-08 21:01:53.583 [ main ] - [ INFO  ] [ o.s.b.a.web.servlet.WelcomePageHandlerMapping : 58 ] - Adding welcome page template: index
2020-09-08 21:01:53.876 [ main ] - [ INFO  ] [ org.apache.coyote.http11.Http11NioProtocol : 173 ] - Starting ProtocolHandler ["http-nio-9000"]
2020-09-08 21:01:53.903 [ main ] - [ INFO  ] [ o.s.boot.web.embedded.tomcat.TomcatWebServer : 220 ] - Tomcat started on port(s): 9000 (http) with context path ''
2020-09-08 21:01:53.904 [ main ] - [ INFO  ] [ s.d.s.web.plugins.DocumentationPluginsBootstrapper : 160 ] - Context refreshed
2020-09-08 21:01:53.940 [ main ] - [ INFO  ] [ s.d.s.web.plugins.DocumentationPluginsBootstrapper : 163 ] - Found 1 custom documentation plugin(s)
2020-09-08 21:01:53.960 [ main ] - [ INFO  ] [ s.d.spring.web.scanners.ApiListingReferenceScanner : 41 ] - Scanning for api listing references
2020-09-08 21:01:53.985 [ main ] - [ INFO  ] [ com.moonmagician.reloads.ReloadsApplication : 61 ] - Started ReloadsApplication in 6.632 seconds (JVM running for 8.595)
2020-09-08 21:02:35.508 [ http-nio-9000-exec-1 ] - [ INFO  ] [ o.a.c.core.ContainerBase.[Tomcat].[localhost].[/] : 173 ] - Initializing Spring DispatcherServlet 'dispatcherServlet'
2020-09-08 21:02:35.509 [ http-nio-9000-exec-1 ] - [ INFO  ] [ org.springframework.web.servlet.DispatcherServlet : 525 ] - Initializing Servlet 'dispatcherServlet'
2020-09-08 21:02:35.515 [ http-nio-9000-exec-1 ] - [ INFO  ] [ org.springframework.web.servlet.DispatcherServlet : 547 ] - Completed initialization in 6 ms
2020-09-08 21:02:35.589 [ http-nio-9000-exec-1 ] - [ INFO  ] [ com.moonmagician.reloads.config.LogAspectConfig : 35 ] - 请求地址 : http://localhost:9000/
2020-09-08 21:02:35.590 [ http-nio-9000-exec-1 ] - [ INFO  ] [ com.moonmagician.reloads.config.LogAspectConfig : 36 ] - HTTP METHOD : GET
2020-09-08 21:02:35.591 [ http-nio-9000-exec-1 ] - [ INFO  ] [ com.moonmagician.reloads.config.LogAspectConfig : 39 ] - CLASS_METHOD : com.moonmagician.reloads.controller.LeftMenuController.index
2020-09-08 21:02:35.592 [ http-nio-9000-exec-1 ] - [ INFO  ] [ com.moonmagician.reloads.config.LogAspectConfig : 41 ] - 参数 : [org.apache.catalina.connector.RequestFacade@7e72f54d]
2020-09-08 21:02:35.639 [ http-nio-9000-exec-1 ] - [ DEBUG ] [ c.m.reloads.mapper.ImgviewMapper.datacount : 143 ] - ==>  Preparing: select count(id) from imgview; 
2020-09-08 21:02:35.671 [ http-nio-9000-exec-1 ] - [ DEBUG ] [ c.m.reloads.mapper.ImgviewMapper.datacount : 143 ] - ==> Parameters: 
2020-09-08 21:02:35.699 [ http-nio-9000-exec-1 ] - [ DEBUG ] [ c.m.reloads.mapper.ImgviewMapper.datacount : 143 ] - <==      Total: 1
2020-09-08 21:02:35.755 [ http-nio-9000-exec-1 ] - [ DEBUG ] [ c.m.reloads.mapper.ImgviewMapper.selectPage : 143 ] - ==>  Preparing: SELECT COUNT(1) FROM imgview 
2020-09-08 21:02:35.755 [ http-nio-9000-exec-1 ] - [ DEBUG ] [ c.m.reloads.mapper.ImgviewMapper.selectPage : 143 ] - ==> Parameters: 
2020-09-08 21:02:35.759 [ http-nio-9000-exec-1 ] - [ DEBUG ] [ c.m.reloads.mapper.ImgviewMapper.selectPage : 143 ] - ==>  Preparing: SELECT id,title,imgurl,createtime,describetext,discusscount,visitcount,type,webpagepath FROM imgview LIMIT ?,? 
2020-09-08 21:02:35.759 [ http-nio-9000-exec-1 ] - [ DEBUG ] [ c.m.reloads.mapper.ImgviewMapper.selectPage : 143 ] - ==> Parameters: 0(Long), 10(Long)
2020-09-08 21:02:35.764 [ http-nio-9000-exec-1 ] - [ DEBUG ] [ c.m.reloads.mapper.ImgviewMapper.selectPage : 143 ] - <==      Total: 10
2020-09-08 21:02:35.765 [ http-nio-9000-exec-1 ] - [ DEBUG ] [ com.moonmagician.reloads.config.LogAspectConfig : 57 ] - 返回值 : index
2020-09-08 21:02:35.765 [ http-nio-9000-exec-1 ] - [ INFO  ] [ com.moonmagician.reloads.config.LogAspectConfig : 50 ] - 耗时 : 176
2020-09-08 21:02:59.607 [ http-nio-9000-exec-1 ] - [ INFO  ] [ com.moonmagician.reloads.config.LogAspectConfig : 35 ] - 请求地址 : http://localhost:9000/index/2
2020-09-08 21:02:59.608 [ http-nio-9000-exec-1 ] - [ INFO  ] [ com.moonmagician.reloads.config.LogAspectConfig : 36 ] - HTTP METHOD : GET
2020-09-08 21:02:59.608 [ http-nio-9000-exec-1 ] - [ INFO  ] [ com.moonmagician.reloads.config.LogAspectConfig : 39 ] - CLASS_METHOD : com.moonmagician.reloads.controller.LeftMenuController.index
2020-09-08 21:02:59.608 [ http-nio-9000-exec-1 ] - [ INFO  ] [ com.moonmagician.reloads.config.LogAspectConfig : 41 ] - 参数 : [2, org.apache.catalina.connector.RequestFacade@51abb3e5]
2020-09-08 21:02:59.608 [ http-nio-9000-exec-1 ] - [ DEBUG ] [ c.m.reloads.mapper.ImgviewMapper.datacount : 143 ] - ==>  Preparing: select count(id) from imgview; 
2020-09-08 21:02:59.609 [ http-nio-9000-exec-1 ] - [ DEBUG ] [ c.m.reloads.mapper.ImgviewMapper.datacount : 143 ] - ==> Parameters: 
2020-09-08 21:02:59.610 [ http-nio-9000-exec-1 ] - [ DEBUG ] [ c.m.reloads.mapper.ImgviewMapper.datacount : 143 ] - <==      Total: 1
2020-09-08 21:02:59.611 [ http-nio-9000-exec-1 ] - [ DEBUG ] [ c.m.reloads.mapper.ImgviewMapper.selectPage : 143 ] - ==>  Preparing: SELECT COUNT(1) FROM imgview 
2020-09-08 21:02:59.611 [ http-nio-9000-exec-1 ] - [ DEBUG ] [ c.m.reloads.mapper.ImgviewMapper.selectPage : 143 ] - ==> Parameters: 
2020-09-08 21:02:59.612 [ http-nio-9000-exec-1 ] - [ DEBUG ] [ c.m.reloads.mapper.ImgviewMapper.selectPage : 143 ] - ==>  Preparing: SELECT id,title,imgurl,createtime,describetext,discusscount,visitcount,type,webpagepath FROM imgview LIMIT ?,? 
2020-09-08 21:02:59.612 [ http-nio-9000-exec-1 ] - [ DEBUG ] [ c.m.reloads.mapper.ImgviewMapper.selectPage : 143 ] - ==> Parameters: 10(Long), 10(Long)
2020-09-08 21:02:59.613 [ http-nio-9000-exec-1 ] - [ DEBUG ] [ c.m.reloads.mapper.ImgviewMapper.selectPage : 143 ] - <==      Total: 1
2020-09-08 21:02:59.614 [ http-nio-9000-exec-1 ] - [ DEBUG ] [ com.moonmagician.reloads.config.LogAspectConfig : 57 ] - 返回值 : index
2020-09-08 21:02:59.614 [ http-nio-9000-exec-1 ] - [ INFO  ] [ com.moonmagician.reloads.config.LogAspectConfig : 50 ] - 耗时 : 7
2020-09-08 21:03:01.951 [ http-nio-9000-exec-6 ] - [ INFO  ] [ com.moonmagician.reloads.config.LogAspectConfig : 35 ] - 请求地址 : http://localhost:9000/userlog
2020-09-08 21:03:01.951 [ http-nio-9000-exec-6 ] - [ INFO  ] [ com.moonmagician.reloads.config.LogAspectConfig : 36 ] - HTTP METHOD : GET
2020-09-08 21:03:01.951 [ http-nio-9000-exec-6 ] - [ INFO  ] [ com.moonmagician.reloads.config.LogAspectConfig : 39 ] - CLASS_METHOD : com.moonmagician.reloads.controller.LoginController.userlog
2020-09-08 21:03:01.952 [ http-nio-9000-exec-6 ] - [ INFO  ] [ com.moonmagician.reloads.config.LogAspectConfig : 41 ] - 参数 : []
2020-09-08 21:03:01.954 [ http-nio-9000-exec-6 ] - [ DEBUG ] [ com.moonmagician.reloads.config.LogAspectConfig : 57 ] - 返回值 : /logins/login
2020-09-08 21:03:01.955 [ http-nio-9000-exec-6 ] - [ INFO  ] [ com.moonmagician.reloads.config.LogAspectConfig : 50 ] - 耗时 : 4
2020-09-08 21:03:08.325 [ http-nio-9000-exec-3 ] - [ INFO  ] [ com.moonmagician.reloads.config.LogAspectConfig : 35 ] - 请求地址 : http://localhost:9000/login
2020-09-08 21:03:08.325 [ http-nio-9000-exec-3 ] - [ INFO  ] [ com.moonmagician.reloads.config.LogAspectConfig : 36 ] - HTTP METHOD : POST
2020-09-08 21:03:08.325 [ http-nio-9000-exec-3 ] - [ INFO  ] [ com.moonmagician.reloads.config.LogAspectConfig : 39 ] - CLASS_METHOD : com.moonmagician.reloads.controller.LoginController.login
2020-09-08 21:03:08.325 [ http-nio-9000-exec-3 ] - [ INFO  ] [ com.moonmagician.reloads.config.LogAspectConfig : 41 ] - 参数 : [admin, 123456, org.apache.catalina.session.StandardSessionFacade@6d9e7883]
2020-09-08 21:03:08.326 [ http-nio-9000-exec-3 ] - [ DEBUG ] [ c.m.reloads.mapper.ConsumerMapper.selectList : 143 ] - ==>  Preparing: SELECT id,username,password,head_portrait,message,emailcount,tipcount,registertime FROM consumer 
2020-09-08 21:03:08.326 [ http-nio-9000-exec-3 ] - [ DEBUG ] [ c.m.reloads.mapper.ConsumerMapper.selectList : 143 ] - ==> Parameters: 
2020-09-08 21:03:08.330 [ http-nio-9000-exec-3 ] - [ DEBUG ] [ c.m.reloads.mapper.ConsumerMapper.selectList : 143 ] - <==      Total: 2
2020-09-08 21:03:08.330 [ http-nio-9000-exec-3 ] - [ DEBUG ] [ com.moonmagician.reloads.config.LogAspectConfig : 57 ] - 返回值 : redirect:/
2020-09-08 21:03:08.331 [ http-nio-9000-exec-3 ] - [ INFO  ] [ com.moonmagician.reloads.config.LogAspectConfig : 50 ] - 耗时 : 6
2020-09-08 21:03:08.342 [ http-nio-9000-exec-4 ] - [ INFO  ] [ com.moonmagician.reloads.config.LogAspectConfig : 35 ] - 请求地址 : http://localhost:9000/
2020-09-08 21:03:08.342 [ http-nio-9000-exec-4 ] - [ INFO  ] [ com.moonmagician.reloads.config.LogAspectConfig : 36 ] - HTTP METHOD : GET
2020-09-08 21:03:08.342 [ http-nio-9000-exec-4 ] - [ INFO  ] [ com.moonmagician.reloads.config.LogAspectConfig : 39 ] - CLASS_METHOD : com.moonmagician.reloads.controller.LeftMenuController.index
2020-09-08 21:03:08.342 [ http-nio-9000-exec-4 ] - [ INFO  ] [ com.moonmagician.reloads.config.LogAspectConfig : 41 ] - 参数 : [org.apache.catalina.connector.RequestFacade@51abb3e5]
2020-09-08 21:03:08.343 [ http-nio-9000-exec-4 ] - [ DEBUG ] [ c.m.reloads.mapper.ImgviewMapper.datacount : 143 ] - ==>  Preparing: select count(id) from imgview; 
2020-09-08 21:03:08.343 [ http-nio-9000-exec-4 ] - [ DEBUG ] [ c.m.reloads.mapper.ImgviewMapper.datacount : 143 ] - ==> Parameters: 
2020-09-08 21:03:08.344 [ http-nio-9000-exec-4 ] - [ DEBUG ] [ c.m.reloads.mapper.ImgviewMapper.datacount : 143 ] - <==      Total: 1
2020-09-08 21:03:08.345 [ http-nio-9000-exec-4 ] - [ DEBUG ] [ c.m.reloads.mapper.ImgviewMapper.selectPage : 143 ] - ==>  Preparing: SELECT COUNT(1) FROM imgview 
2020-09-08 21:03:08.345 [ http-nio-9000-exec-4 ] - [ DEBUG ] [ c.m.reloads.mapper.ImgviewMapper.selectPage : 143 ] - ==> Parameters: 
2020-09-08 21:03:08.347 [ http-nio-9000-exec-4 ] - [ DEBUG ] [ c.m.reloads.mapper.ImgviewMapper.selectPage : 143 ] - ==>  Preparing: SELECT id,title,imgurl,createtime,describetext,discusscount,visitcount,type,webpagepath FROM imgview LIMIT ?,? 
2020-09-08 21:03:08.347 [ http-nio-9000-exec-4 ] - [ DEBUG ] [ c.m.reloads.mapper.ImgviewMapper.selectPage : 143 ] - ==> Parameters: 0(Long), 10(Long)
2020-09-08 21:03:08.351 [ http-nio-9000-exec-4 ] - [ DEBUG ] [ c.m.reloads.mapper.ImgviewMapper.selectPage : 143 ] - <==      Total: 10
2020-09-08 21:03:08.352 [ http-nio-9000-exec-4 ] - [ DEBUG ] [ com.moonmagician.reloads.config.LogAspectConfig : 57 ] - 返回值 : index
2020-09-08 21:03:08.352 [ http-nio-9000-exec-4 ] - [ INFO  ] [ com.moonmagician.reloads.config.LogAspectConfig : 50 ] - 耗时 : 10
2020-09-08 21:03:13.038 [ http-nio-9000-exec-1 ] - [ INFO  ] [ com.moonmagician.reloads.config.LogAspectConfig : 35 ] - 请求地址 : http://localhost:9000/logout
2020-09-08 21:03:13.038 [ http-nio-9000-exec-1 ] - [ INFO  ] [ com.moonmagician.reloads.config.LogAspectConfig : 36 ] - HTTP METHOD : GET
2020-09-08 21:03:13.038 [ http-nio-9000-exec-1 ] - [ INFO  ] [ com.moonmagician.reloads.config.LogAspectConfig : 39 ] - CLASS_METHOD : com.moonmagician.reloads.controller.LoginController.logout
2020-09-08 21:03:13.038 [ http-nio-9000-exec-1 ] - [ INFO  ] [ com.moonmagician.reloads.config.LogAspectConfig : 41 ] - 参数 : [org.apache.catalina.connector.RequestFacade@51abb3e5]
2020-09-08 21:03:13.039 [ http-nio-9000-exec-1 ] - [ DEBUG ] [ com.moonmagician.reloads.config.LogAspectConfig : 57 ] - 返回值 : redirect:/
2020-09-08 21:03:13.039 [ http-nio-9000-exec-1 ] - [ INFO  ] [ com.moonmagician.reloads.config.LogAspectConfig : 50 ] - 耗时 : 1
2020-09-08 21:03:13.043 [ http-nio-9000-exec-8 ] - [ INFO  ] [ com.moonmagician.reloads.config.LogAspectConfig : 35 ] - 请求地址 : http://localhost:9000/
2020-09-08 21:03:13.044 [ http-nio-9000-exec-8 ] - [ INFO  ] [ com.moonmagician.reloads.config.LogAspectConfig : 36 ] - HTTP METHOD : GET
2020-09-08 21:03:13.044 [ http-nio-9000-exec-8 ] - [ INFO  ] [ com.moonmagician.reloads.config.LogAspectConfig : 39 ] - CLASS_METHOD : com.moonmagician.reloads.controller.LeftMenuController.index
2020-09-08 21:03:13.044 [ http-nio-9000-exec-8 ] - [ INFO  ] [ com.moonmagician.reloads.config.LogAspectConfig : 41 ] - 参数 : [org.apache.catalina.connector.RequestFacade@51abb3e5]
2020-09-08 21:03:13.045 [ http-nio-9000-exec-8 ] - [ DEBUG ] [ c.m.reloads.mapper.ImgviewMapper.datacount : 143 ] - ==>  Preparing: select count(id) from imgview; 
2020-09-08 21:03:13.045 [ http-nio-9000-exec-8 ] - [ DEBUG ] [ c.m.reloads.mapper.ImgviewMapper.datacount : 143 ] - ==> Parameters: 
2020-09-08 21:03:13.046 [ http-nio-9000-exec-8 ] - [ DEBUG ] [ c.m.reloads.mapper.ImgviewMapper.datacount : 143 ] - <==      Total: 1
2020-09-08 21:03:13.047 [ http-nio-9000-exec-8 ] - [ DEBUG ] [ c.m.reloads.mapper.ImgviewMapper.selectPage : 143 ] - ==>  Preparing: SELECT COUNT(1) FROM imgview 
2020-09-08 21:03:13.047 [ http-nio-9000-exec-8 ] - [ DEBUG ] [ c.m.reloads.mapper.ImgviewMapper.selectPage : 143 ] - ==> Parameters: 
2020-09-08 21:03:13.048 [ http-nio-9000-exec-8 ] - [ DEBUG ] [ c.m.reloads.mapper.ImgviewMapper.selectPage : 143 ] - ==>  Preparing: SELECT id,title,imgurl,createtime,describetext,discusscount,visitcount,type,webpagepath FROM imgview LIMIT ?,? 
2020-09-08 21:03:13.049 [ http-nio-9000-exec-8 ] - [ DEBUG ] [ c.m.reloads.mapper.ImgviewMapper.selectPage : 143 ] - ==> Parameters: 0(Long), 10(Long)
2020-09-08 21:03:13.050 [ http-nio-9000-exec-8 ] - [ DEBUG ] [ c.m.reloads.mapper.ImgviewMapper.selectPage : 143 ] - <==      Total: 10
2020-09-08 21:03:13.051 [ http-nio-9000-exec-8 ] - [ DEBUG ] [ com.moonmagician.reloads.config.LogAspectConfig : 57 ] - 返回值 : index
2020-09-08 21:03:13.051 [ http-nio-9000-exec-8 ] - [ INFO  ] [ com.moonmagician.reloads.config.LogAspectConfig : 50 ] - 耗时 : 8
2020-09-08 21:07:06.866 [ http-nio-9000-exec-4 ] - [ INFO  ] [ com.moonmagician.reloads.config.LogAspectConfig : 35 ] - 请求地址 : http://localhost:9000/
2020-09-08 21:07:06.866 [ http-nio-9000-exec-4 ] - [ INFO  ] [ com.moonmagician.reloads.config.LogAspectConfig : 36 ] - HTTP METHOD : GET
2020-09-08 21:07:06.867 [ http-nio-9000-exec-4 ] - [ INFO  ] [ com.moonmagician.reloads.config.LogAspectConfig : 39 ] - CLASS_METHOD : com.moonmagician.reloads.controller.LeftMenuController.index
2020-09-08 21:07:06.867 [ http-nio-9000-exec-4 ] - [ INFO  ] [ com.moonmagician.reloads.config.LogAspectConfig : 41 ] - 参数 : [org.apache.catalina.connector.RequestFacade@51abb3e5]
2020-09-08 21:07:07.153 [ http-nio-9000-exec-4 ] - [ DEBUG ] [ c.m.reloads.mapper.ImgviewMapper.datacount : 143 ] - ==>  Preparing: select count(id) from imgview; 
2020-09-08 21:07:07.154 [ http-nio-9000-exec-4 ] - [ DEBUG ] [ c.m.reloads.mapper.ImgviewMapper.datacount : 143 ] - ==> Parameters: 
2020-09-08 21:07:07.155 [ http-nio-9000-exec-4 ] - [ DEBUG ] [ c.m.reloads.mapper.ImgviewMapper.datacount : 143 ] - <==      Total: 1
2020-09-08 21:07:07.156 [ http-nio-9000-exec-4 ] - [ DEBUG ] [ c.m.reloads.mapper.ImgviewMapper.selectPage : 143 ] - ==>  Preparing: SELECT COUNT(1) FROM imgview 
2020-09-08 21:07:07.156 [ http-nio-9000-exec-4 ] - [ DEBUG ] [ c.m.reloads.mapper.ImgviewMapper.selectPage : 143 ] - ==> Parameters: 
2020-09-08 21:07:07.157 [ http-nio-9000-exec-4 ] - [ DEBUG ] [ c.m.reloads.mapper.ImgviewMapper.selectPage : 143 ] - ==>  Preparing: SELECT id,title,imgurl,createtime,describetext,discusscount,visitcount,type,webpagepath FROM imgview LIMIT ?,? 
2020-09-08 21:07:07.158 [ http-nio-9000-exec-4 ] - [ DEBUG ] [ c.m.reloads.mapper.ImgviewMapper.selectPage : 143 ] - ==> Parameters: 0(Long), 10(Long)
2020-09-08 21:07:07.160 [ http-nio-9000-exec-4 ] - [ DEBUG ] [ c.m.reloads.mapper.ImgviewMapper.selectPage : 143 ] - <==      Total: 10
2020-09-08 21:07:07.160 [ http-nio-9000-exec-4 ] - [ DEBUG ] [ com.moonmagician.reloads.config.LogAspectConfig : 57 ] - 返回值 : index
2020-09-08 21:07:07.160 [ http-nio-9000-exec-4 ] - [ INFO  ] [ com.moonmagician.reloads.config.LogAspectConfig : 50 ] - 耗时 : 294
2020-09-08 21:07:42.952 [ http-nio-9000-exec-5 ] - [ INFO  ] [ com.moonmagician.reloads.config.LogAspectConfig : 35 ] - 请求地址 : http://localhost:9000/userlog
2020-09-08 21:07:42.952 [ http-nio-9000-exec-5 ] - [ INFO  ] [ com.moonmagician.reloads.config.LogAspectConfig : 36 ] - HTTP METHOD : GET
2020-09-08 21:07:42.953 [ http-nio-9000-exec-5 ] - [ INFO  ] [ com.moonmagician.reloads.config.LogAspectConfig : 39 ] - CLASS_METHOD : com.moonmagician.reloads.controller.LoginController.userlog
2020-09-08 21:07:42.953 [ http-nio-9000-exec-5 ] - [ INFO  ] [ com.moonmagician.reloads.config.LogAspectConfig : 41 ] - 参数 : []
2020-09-08 21:07:42.953 [ http-nio-9000-exec-5 ] - [ DEBUG ] [ com.moonmagician.reloads.config.LogAspectConfig : 57 ] - 返回值 : /logins/login
2020-09-08 21:07:42.953 [ http-nio-9000-exec-5 ] - [ INFO  ] [ com.moonmagician.reloads.config.LogAspectConfig : 50 ] - 耗时 : 1
2020-09-08 21:08:12.755 [ http-nio-9000-exec-4 ] - [ INFO  ] [ com.moonmagician.reloads.config.LogAspectConfig : 35 ] - 请求地址 : http://localhost:9000/register
2020-09-08 21:08:12.756 [ http-nio-9000-exec-4 ] - [ INFO  ] [ com.moonmagician.reloads.config.LogAspectConfig : 36 ] - HTTP METHOD : GET
2020-09-08 21:08:12.756 [ http-nio-9000-exec-4 ] - [ INFO  ] [ com.moonmagician.reloads.config.LogAspectConfig : 39 ] - CLASS_METHOD : com.moonmagician.reloads.controller.LoginController.register
2020-09-08 21:08:12.756 [ http-nio-9000-exec-4 ] - [ INFO  ] [ com.moonmagician.reloads.config.LogAspectConfig : 41 ] - 参数 : []
2020-09-08 21:08:12.757 [ http-nio-9000-exec-4 ] - [ DEBUG ] [ com.moonmagician.reloads.config.LogAspectConfig : 57 ] - 返回值 : /logins/register
2020-09-08 21:08:12.757 [ http-nio-9000-exec-4 ] - [ INFO  ] [ com.moonmagician.reloads.config.LogAspectConfig : 50 ] - 耗时 : 2
2020-09-08 21:08:13.635 [ http-nio-9000-exec-3 ] - [ INFO  ] [ com.moonmagician.reloads.config.LogAspectConfig : 35 ] - 请求地址 : http://localhost:9000/userlog
2020-09-08 21:08:13.636 [ http-nio-9000-exec-3 ] - [ INFO  ] [ com.moonmagician.reloads.config.LogAspectConfig : 36 ] - HTTP METHOD : GET
2020-09-08 21:08:13.636 [ http-nio-9000-exec-3 ] - [ INFO  ] [ com.moonmagician.reloads.config.LogAspectConfig : 39 ] - CLASS_METHOD : com.moonmagician.reloads.controller.LoginController.userlog
2020-09-08 21:08:13.636 [ http-nio-9000-exec-3 ] - [ INFO  ] [ com.moonmagician.reloads.config.LogAspectConfig : 41 ] - 参数 : []
2020-09-08 21:08:13.636 [ http-nio-9000-exec-3 ] - [ DEBUG ] [ com.moonmagician.reloads.config.LogAspectConfig : 57 ] - 返回值 : /logins/login
2020-09-08 21:08:13.637 [ http-nio-9000-exec-3 ] - [ INFO  ] [ com.moonmagician.reloads.config.LogAspectConfig : 50 ] - 耗时 : 1
2020-09-08 21:08:15.043 [ http-nio-9000-exec-9 ] - [ INFO  ] [ com.moonmagician.reloads.config.LogAspectConfig : 35 ] - 请求地址 : http://localhost:9000/register
2020-09-08 21:08:15.044 [ http-nio-9000-exec-9 ] - [ INFO  ] [ com.moonmagician.reloads.config.LogAspectConfig : 36 ] - HTTP METHOD : GET
2020-09-08 21:08:15.044 [ http-nio-9000-exec-9 ] - [ INFO  ] [ com.moonmagician.reloads.config.LogAspectConfig : 39 ] - CLASS_METHOD : com.moonmagician.reloads.controller.LoginController.register
2020-09-08 21:08:15.044 [ http-nio-9000-exec-9 ] - [ INFO  ] [ com.moonmagician.reloads.config.LogAspectConfig : 41 ] - 参数 : []
2020-09-08 21:08:15.044 [ http-nio-9000-exec-9 ] - [ DEBUG ] [ com.moonmagician.reloads.config.LogAspectConfig : 57 ] - 返回值 : /logins/register
2020-09-08 21:08:15.044 [ http-nio-9000-exec-9 ] - [ INFO  ] [ com.moonmagician.reloads.config.LogAspectConfig : 50 ] - 耗时 : 1
2020-09-08 21:08:16.002 [ http-nio-9000-exec-1 ] - [ INFO  ] [ com.moonmagician.reloads.config.LogAspectConfig : 35 ] - 请求地址 : http://localhost:9000/register
2020-09-08 21:08:16.003 [ http-nio-9000-exec-1 ] - [ INFO  ] [ com.moonmagician.reloads.config.LogAspectConfig : 36 ] - HTTP METHOD : GET
2020-09-08 21:08:16.003 [ http-nio-9000-exec-1 ] - [ INFO  ] [ com.moonmagician.reloads.config.LogAspectConfig : 39 ] - CLASS_METHOD : com.moonmagician.reloads.controller.LoginController.register
2020-09-08 21:08:16.004 [ http-nio-9000-exec-1 ] - [ INFO  ] [ com.moonmagician.reloads.config.LogAspectConfig : 41 ] - 参数 : []
2020-09-08 21:08:16.004 [ http-nio-9000-exec-1 ] - [ DEBUG ] [ com.moonmagician.reloads.config.LogAspectConfig : 57 ] - 返回值 : /logins/register
2020-09-08 21:08:16.004 [ http-nio-9000-exec-1 ] - [ INFO  ] [ com.moonmagician.reloads.config.LogAspectConfig : 50 ] - 耗时 : 2
2020-09-08 21:08:16.659 [ http-nio-9000-exec-5 ] - [ INFO  ] [ com.moonmagician.reloads.config.LogAspectConfig : 35 ] - 请求地址 : http://localhost:9000/userlog
2020-09-08 21:08:16.659 [ http-nio-9000-exec-5 ] - [ INFO  ] [ com.moonmagician.reloads.config.LogAspectConfig : 36 ] - HTTP METHOD : GET
2020-09-08 21:08:16.659 [ http-nio-9000-exec-5 ] - [ INFO  ] [ com.moonmagician.reloads.config.LogAspectConfig : 39 ] - CLASS_METHOD : com.moonmagician.reloads.controller.LoginController.userlog
2020-09-08 21:08:16.659 [ http-nio-9000-exec-5 ] - [ INFO  ] [ com.moonmagician.reloads.config.LogAspectConfig : 41 ] - 参数 : []
2020-09-08 21:08:16.660 [ http-nio-9000-exec-5 ] - [ DEBUG ] [ com.moonmagician.reloads.config.LogAspectConfig : 57 ] - 返回值 : /logins/login
2020-09-08 21:08:16.660 [ http-nio-9000-exec-5 ] - [ INFO  ] [ com.moonmagician.reloads.config.LogAspectConfig : 50 ] - 耗时 : 1
2020-09-08 21:08:17.308 [ http-nio-9000-exec-8 ] - [ INFO  ] [ com.moonmagician.reloads.config.LogAspectConfig : 35 ] - 请求地址 : http://localhost:9000/register
2020-09-08 21:08:17.309 [ http-nio-9000-exec-8 ] - [ INFO  ] [ com.moonmagician.reloads.config.LogAspectConfig : 36 ] - HTTP METHOD : GET
2020-09-08 21:08:17.309 [ http-nio-9000-exec-8 ] - [ INFO  ] [ com.moonmagician.reloads.config.LogAspectConfig : 39 ] - CLASS_METHOD : com.moonmagician.reloads.controller.LoginController.register
2020-09-08 21:08:17.309 [ http-nio-9000-exec-8 ] - [ INFO  ] [ com.moonmagician.reloads.config.LogAspectConfig : 41 ] - 参数 : []
2020-09-08 21:08:17.309 [ http-nio-9000-exec-8 ] - [ DEBUG ] [ com.moonmagician.reloads.config.LogAspectConfig : 57 ] - 返回值 : /logins/register
2020-09-08 21:08:17.309 [ http-nio-9000-exec-8 ] - [ INFO  ] [ com.moonmagician.reloads.config.LogAspectConfig : 50 ] - 耗时 : 1
2020-09-08 21:08:18.156 [ http-nio-9000-exec-10 ] - [ INFO  ] [ com.moonmagician.reloads.config.LogAspectConfig : 35 ] - 请求地址 : http://localhost:9000/userlog
2020-09-08 21:08:18.157 [ http-nio-9000-exec-10 ] - [ INFO  ] [ com.moonmagician.reloads.config.LogAspectConfig : 36 ] - HTTP METHOD : GET
2020-09-08 21:08:18.157 [ http-nio-9000-exec-10 ] - [ INFO  ] [ com.moonmagician.reloads.config.LogAspectConfig : 39 ] - CLASS_METHOD : com.moonmagician.reloads.controller.LoginController.userlog
2020-09-08 21:08:18.157 [ http-nio-9000-exec-10 ] - [ INFO  ] [ com.moonmagician.reloads.config.LogAspectConfig : 41 ] - 参数 : []
2020-09-08 21:08:18.157 [ http-nio-9000-exec-10 ] - [ DEBUG ] [ com.moonmagician.reloads.config.LogAspectConfig : 57 ] - 返回值 : /logins/login
2020-09-08 21:08:18.158 [ http-nio-9000-exec-10 ] - [ INFO  ] [ com.moonmagician.reloads.config.LogAspectConfig : 50 ] - 耗时 : 2
2020-09-08 21:08:18.549 [ http-nio-9000-exec-6 ] - [ INFO  ] [ com.moonmagician.reloads.config.LogAspectConfig : 35 ] - 请求地址 : http://localhost:9000/register
2020-09-08 21:08:18.549 [ http-nio-9000-exec-6 ] - [ INFO  ] [ com.moonmagician.reloads.config.LogAspectConfig : 36 ] - HTTP METHOD : GET
2020-09-08 21:08:18.549 [ http-nio-9000-exec-6 ] - [ INFO  ] [ com.moonmagician.reloads.config.LogAspectConfig : 39 ] - CLASS_METHOD : com.moonmagician.reloads.controller.LoginController.register
2020-09-08 21:08:18.549 [ http-nio-9000-exec-6 ] - [ INFO  ] [ com.moonmagician.reloads.config.LogAspectConfig : 41 ] - 参数 : []
2020-09-08 21:08:18.549 [ http-nio-9000-exec-6 ] - [ DEBUG ] [ com.moonmagician.reloads.config.LogAspectConfig : 57 ] - 返回值 : /logins/register
2020-09-08 21:08:18.549 [ http-nio-9000-exec-6 ] - [ INFO  ] [ com.moonmagician.reloads.config.LogAspectConfig : 50 ] - 耗时 : 0
2020-09-08 21:08:19.331 [ http-nio-9000-exec-2 ] - [ INFO  ] [ com.moonmagician.reloads.config.LogAspectConfig : 35 ] - 请求地址 : http://localhost:9000/userlog
2020-09-08 21:08:19.332 [ http-nio-9000-exec-2 ] - [ INFO  ] [ com.moonmagician.reloads.config.LogAspectConfig : 36 ] - HTTP METHOD : GET
2020-09-08 21:08:19.332 [ http-nio-9000-exec-2 ] - [ INFO  ] [ com.moonmagician.reloads.config.LogAspectConfig : 39 ] - CLASS_METHOD : com.moonmagician.reloads.controller.LoginController.userlog
2020-09-08 21:08:19.332 [ http-nio-9000-exec-2 ] - [ INFO  ] [ com.moonmagician.reloads.config.LogAspectConfig : 41 ] - 参数 : []
2020-09-08 21:08:19.332 [ http-nio-9000-exec-2 ] - [ DEBUG ] [ com.moonmagician.reloads.config.LogAspectConfig : 57 ] - 返回值 : /logins/login
2020-09-08 21:08:19.332 [ http-nio-9000-exec-2 ] - [ INFO  ] [ com.moonmagician.reloads.config.LogAspectConfig : 50 ] - 耗时 : 1
