2020-10-06 10:57:18.083 [ main ] - [ INFO  ] [ com.moonmagician.reloads.ReloadsApplication : 55 ] - Starting ReloadsApplication on DESKTOP-GQFO42A with PID 10628 (C:\Users\HP\Desktop\reloads\target\classes started by HP in C:\Users\HP\Desktop\reloads)
2020-10-06 10:57:18.088 [ main ] - [ DEBUG ] [ com.moonmagician.reloads.ReloadsApplication : 56 ] - Running with Spring Boot v2.3.3.RELEASE, Spring v5.2.8.RELEASE
2020-10-06 10:57:18.089 [ main ] - [ INFO  ] [ com.moonmagician.reloads.ReloadsApplication : 655 ] - The following profiles are active: dev
2020-10-06 10:57:19.098 [ main ] - [ INFO  ] [ o.s.boot.web.embedded.tomcat.TomcatWebServer : 108 ] - Tomcat initialized with port(s): 8089 (http)
2020-10-06 10:57:19.104 [ main ] - [ INFO  ] [ org.apache.coyote.http11.Http11NioProtocol : 173 ] - Initializing ProtocolHandler ["http-nio-8089"]
2020-10-06 10:57:19.105 [ main ] - [ INFO  ] [ org.apache.catalina.core.StandardService : 173 ] - Starting service [Tomcat]
2020-10-06 10:57:19.105 [ main ] - [ INFO  ] [ org.apache.catalina.core.StandardEngine : 173 ] - Starting Servlet engine: [Apache Tomcat/9.0.37]
2020-10-06 10:57:19.164 [ main ] - [ INFO  ] [ o.a.c.core.ContainerBase.[Tomcat].[localhost].[/] : 173 ] - Initializing Spring embedded WebApplicationContext
2020-10-06 10:57:19.165 [ main ] - [ INFO  ] [ o.s.b.w.s.c.ServletWebServerApplicationContext : 285 ] - Root WebApplicationContext: initialization completed in 1048 ms
2020-10-06 10:57:19.401 [ main ] - [ INFO  ] [ com.alibaba.druid.pool.DruidDataSource : 994 ] - {dataSource-1} inited
2020-10-06 10:57:19.983 [ main ] - [ INFO  ] [ s.d.s.w.PropertySourcedRequestMappingHandlerMapping : 69 ] - Mapped URL path [/v2/api-docs] onto method [springfox.documentation.swagger2.web.Swagger2Controller#getDocumentation(String, HttpServletRequest)]
2020-10-06 10:57:20.085 [ main ] - [ INFO  ] [ o.s.scheduling.concurrent.ThreadPoolTaskExecutor : 181 ] - Initializing ExecutorService 'applicationTaskExecutor'
2020-10-06 10:57:20.126 [ main ] - [ INFO  ] [ o.s.b.a.web.servlet.WelcomePageHandlerMapping : 54 ] - Adding welcome page: class path resource [templates/index.html]
2020-10-06 10:57:20.269 [ main ] - [ INFO  ] [ org.apache.coyote.http11.Http11NioProtocol : 173 ] - Starting ProtocolHandler ["http-nio-8089"]
2020-10-06 10:57:20.283 [ main ] - [ INFO  ] [ o.s.boot.web.embedded.tomcat.TomcatWebServer : 220 ] - Tomcat started on port(s): 8089 (http) with context path ''
2020-10-06 10:57:20.284 [ main ] - [ INFO  ] [ s.d.s.web.plugins.DocumentationPluginsBootstrapper : 160 ] - Context refreshed
2020-10-06 10:57:20.295 [ main ] - [ INFO  ] [ s.d.s.web.plugins.DocumentationPluginsBootstrapper : 163 ] - Found 1 custom documentation plugin(s)
2020-10-06 10:57:20.316 [ main ] - [ INFO  ] [ s.d.spring.web.scanners.ApiListingReferenceScanner : 41 ] - Scanning for api listing references
2020-10-06 10:57:20.329 [ main ] - [ INFO  ] [ com.moonmagician.reloads.ReloadsApplication : 61 ] - Started ReloadsApplication in 2.665 seconds (JVM running for 3.551)
2020-10-06 10:57:33.813 [ http-nio-8089-exec-1 ] - [ INFO  ] [ o.a.c.core.ContainerBase.[Tomcat].[localhost].[/] : 173 ] - Initializing Spring DispatcherServlet 'dispatcherServlet'
2020-10-06 10:57:33.813 [ http-nio-8089-exec-1 ] - [ INFO  ] [ org.springframework.web.servlet.DispatcherServlet : 525 ] - Initializing Servlet 'dispatcherServlet'
2020-10-06 10:57:33.846 [ http-nio-8089-exec-1 ] - [ INFO  ] [ org.springframework.web.servlet.DispatcherServlet : 547 ] - Completed initialization in 33 ms
2020-10-06 10:57:33.912 [ http-nio-8089-exec-1 ] - [ INFO  ] [ com.moonmagician.reloads.config.LogAspectConfig : 35 ] - 请求地址 : http://localhost:8089/
2020-10-06 10:57:33.913 [ http-nio-8089-exec-1 ] - [ INFO  ] [ com.moonmagician.reloads.config.LogAspectConfig : 36 ] - HTTP METHOD : GET
2020-10-06 10:57:33.914 [ http-nio-8089-exec-1 ] - [ INFO  ] [ com.moonmagician.reloads.config.LogAspectConfig : 39 ] - CLASS_METHOD : com.moonmagician.reloads.controller.LeftMenuController.index
2020-10-06 10:57:33.914 [ http-nio-8089-exec-1 ] - [ INFO  ] [ com.moonmagician.reloads.config.LogAspectConfig : 41 ] - 参数 : [org.apache.catalina.connector.RequestFacade@2efc0c8d]
2020-10-06 10:57:33.992 [ http-nio-8089-exec-1 ] - [ DEBUG ] [ c.m.reloads.mapper.ImgviewMapper.datacount : 143 ] - ==>  Preparing: select count(id) from imgview order by createtime desc ; 
2020-10-06 10:57:34.033 [ http-nio-8089-exec-1 ] - [ DEBUG ] [ c.m.reloads.mapper.ImgviewMapper.datacount : 143 ] - ==> Parameters: 
2020-10-06 10:57:34.072 [ http-nio-8089-exec-1 ] - [ DEBUG ] [ c.m.reloads.mapper.ImgviewMapper.datacount : 143 ] - <==      Total: 1
2020-10-06 10:57:34.128 [ http-nio-8089-exec-1 ] - [ DEBUG ] [ c.m.reloads.mapper.ImgviewMapper.selectPage : 143 ] - ==>  Preparing: SELECT COUNT(1) FROM imgview 
2020-10-06 10:57:34.129 [ http-nio-8089-exec-1 ] - [ DEBUG ] [ c.m.reloads.mapper.ImgviewMapper.selectPage : 143 ] - ==> Parameters: 
2020-10-06 10:57:34.140 [ http-nio-8089-exec-1 ] - [ DEBUG ] [ c.m.reloads.mapper.ImgviewMapper.selectPage : 143 ] - ==>  Preparing: SELECT id,title,imgurl,createtime,describetext,discusscount,visitcount,type,webpagepath FROM imgview LIMIT ?,? 
2020-10-06 10:57:34.141 [ http-nio-8089-exec-1 ] - [ DEBUG ] [ c.m.reloads.mapper.ImgviewMapper.selectPage : 143 ] - ==> Parameters: 0(Long), 10(Long)
2020-10-06 10:57:34.145 [ http-nio-8089-exec-1 ] - [ DEBUG ] [ c.m.reloads.mapper.ImgviewMapper.selectPage : 143 ] - <==      Total: 10
2020-10-06 10:57:34.146 [ http-nio-8089-exec-1 ] - [ DEBUG ] [ com.moonmagician.reloads.config.LogAspectConfig : 57 ] - 返回值 : index
2020-10-06 10:57:34.146 [ http-nio-8089-exec-1 ] - [ INFO  ] [ com.moonmagician.reloads.config.LogAspectConfig : 50 ] - 耗时 : 234
2020-10-06 10:57:37.105 [ http-nio-8089-exec-5 ] - [ INFO  ] [ com.moonmagician.reloads.config.LogAspectConfig : 35 ] - 请求地址 : http://localhost:8089/linuxnote/1
2020-10-06 10:57:37.106 [ http-nio-8089-exec-5 ] - [ INFO  ] [ com.moonmagician.reloads.config.LogAspectConfig : 36 ] - HTTP METHOD : GET
2020-10-06 10:57:37.106 [ http-nio-8089-exec-5 ] - [ INFO  ] [ com.moonmagician.reloads.config.LogAspectConfig : 39 ] - CLASS_METHOD : com.moonmagician.reloads.controller.LeftMenuController.linuxnote
2020-10-06 10:57:37.106 [ http-nio-8089-exec-5 ] - [ INFO  ] [ com.moonmagician.reloads.config.LogAspectConfig : 41 ] - 参数 : [1, {}]
2020-10-06 10:57:37.107 [ http-nio-8089-exec-5 ] - [ DEBUG ] [ c.m.reloads.mapper.LinuxNoteMapper.datacount : 143 ] - ==>  Preparing: select count(id) from linuxnote; 
2020-10-06 10:57:37.107 [ http-nio-8089-exec-5 ] - [ DEBUG ] [ c.m.reloads.mapper.LinuxNoteMapper.datacount : 143 ] - ==> Parameters: 
2020-10-06 10:57:37.120 [ http-nio-8089-exec-5 ] - [ DEBUG ] [ c.m.reloads.mapper.LinuxNoteMapper.datacount : 143 ] - <==      Total: 1
2020-10-06 10:57:37.122 [ http-nio-8089-exec-5 ] - [ DEBUG ] [ c.m.reloads.mapper.LinuxNoteMapper.selectPage : 143 ] - ==>  Preparing: SELECT COUNT(1) FROM linuxnote 
2020-10-06 10:57:37.123 [ http-nio-8089-exec-5 ] - [ DEBUG ] [ c.m.reloads.mapper.LinuxNoteMapper.selectPage : 143 ] - ==> Parameters: 
2020-10-06 10:57:37.124 [ http-nio-8089-exec-5 ] - [ DEBUG ] [ c.m.reloads.mapper.LinuxNoteMapper.selectPage : 143 ] - ==>  Preparing: SELECT id,title,imgurl,createtime,describetext,discusscount,visitcount,type,webpagepath FROM linuxnote LIMIT ?,? 
2020-10-06 10:57:37.124 [ http-nio-8089-exec-5 ] - [ DEBUG ] [ c.m.reloads.mapper.LinuxNoteMapper.selectPage : 143 ] - ==> Parameters: 0(Long), 10(Long)
2020-10-06 10:57:37.127 [ http-nio-8089-exec-5 ] - [ DEBUG ] [ c.m.reloads.mapper.LinuxNoteMapper.selectPage : 143 ] - <==      Total: 10
2020-10-06 10:57:37.128 [ http-nio-8089-exec-5 ] - [ DEBUG ] [ com.moonmagician.reloads.config.LogAspectConfig : 57 ] - 返回值 : bar/constitute/linuxnote
2020-10-06 10:57:37.128 [ http-nio-8089-exec-5 ] - [ INFO  ] [ com.moonmagician.reloads.config.LogAspectConfig : 50 ] - 耗时 : 23
2020-10-06 10:57:37.667 [ http-nio-8089-exec-6 ] - [ INFO  ] [ com.moonmagician.reloads.config.LogAspectConfig : 35 ] - 请求地址 : http://localhost:8089/javanote
2020-10-06 10:57:37.667 [ http-nio-8089-exec-6 ] - [ INFO  ] [ com.moonmagician.reloads.config.LogAspectConfig : 36 ] - HTTP METHOD : GET
2020-10-06 10:57:37.667 [ http-nio-8089-exec-6 ] - [ INFO  ] [ com.moonmagician.reloads.config.LogAspectConfig : 39 ] - CLASS_METHOD : com.moonmagician.reloads.controller.LeftMenuController.javanote
2020-10-06 10:57:37.668 [ http-nio-8089-exec-6 ] - [ INFO  ] [ com.moonmagician.reloads.config.LogAspectConfig : 41 ] - 参数 : []
2020-10-06 10:57:37.668 [ http-nio-8089-exec-6 ] - [ DEBUG ] [ com.moonmagician.reloads.config.LogAspectConfig : 57 ] - 返回值 : bar/constitute/javanote
2020-10-06 10:57:37.668 [ http-nio-8089-exec-6 ] - [ INFO  ] [ com.moonmagician.reloads.config.LogAspectConfig : 50 ] - 耗时 : 1
2020-10-06 10:57:38.186 [ http-nio-8089-exec-4 ] - [ INFO  ] [ com.moonmagician.reloads.config.LogAspectConfig : 35 ] - 请求地址 : http://localhost:8089/allproject
2020-10-06 10:57:38.186 [ http-nio-8089-exec-4 ] - [ INFO  ] [ com.moonmagician.reloads.config.LogAspectConfig : 36 ] - HTTP METHOD : GET
2020-10-06 10:57:38.186 [ http-nio-8089-exec-4 ] - [ INFO  ] [ com.moonmagician.reloads.config.LogAspectConfig : 39 ] - CLASS_METHOD : com.moonmagician.reloads.controller.LeftMenuController.allproject
2020-10-06 10:57:38.186 [ http-nio-8089-exec-4 ] - [ INFO  ] [ com.moonmagician.reloads.config.LogAspectConfig : 41 ] - 参数 : []
2020-10-06 10:57:38.187 [ http-nio-8089-exec-4 ] - [ DEBUG ] [ com.moonmagician.reloads.config.LogAspectConfig : 57 ] - 返回值 : bar/constitute/allproject
2020-10-06 10:57:38.187 [ http-nio-8089-exec-4 ] - [ INFO  ] [ com.moonmagician.reloads.config.LogAspectConfig : 50 ] - 耗时 : 1
2020-10-06 10:57:38.939 [ http-nio-8089-exec-8 ] - [ INFO  ] [ com.moonmagician.reloads.config.LogAspectConfig : 35 ] - 请求地址 : http://localhost:8089/introduction
2020-10-06 10:57:38.939 [ http-nio-8089-exec-8 ] - [ INFO  ] [ com.moonmagician.reloads.config.LogAspectConfig : 36 ] - HTTP METHOD : GET
2020-10-06 10:57:38.940 [ http-nio-8089-exec-8 ] - [ INFO  ] [ com.moonmagician.reloads.config.LogAspectConfig : 39 ] - CLASS_METHOD : com.moonmagician.reloads.controller.LeftMenuController.introduction
2020-10-06 10:57:38.940 [ http-nio-8089-exec-8 ] - [ INFO  ] [ com.moonmagician.reloads.config.LogAspectConfig : 41 ] - 参数 : []
2020-10-06 10:57:38.940 [ http-nio-8089-exec-8 ] - [ DEBUG ] [ com.moonmagician.reloads.config.LogAspectConfig : 57 ] - 返回值 : bar/constitute/introduction
2020-10-06 10:57:38.940 [ http-nio-8089-exec-8 ] - [ INFO  ] [ com.moonmagician.reloads.config.LogAspectConfig : 50 ] - 耗时 : 1
2020-10-06 10:57:39.906 [ http-nio-8089-exec-2 ] - [ INFO  ] [ com.moonmagician.reloads.config.LogAspectConfig : 35 ] - 请求地址 : http://localhost:8089/linuxnote
2020-10-06 10:57:39.907 [ http-nio-8089-exec-2 ] - [ INFO  ] [ com.moonmagician.reloads.config.LogAspectConfig : 36 ] - HTTP METHOD : GET
2020-10-06 10:57:39.907 [ http-nio-8089-exec-2 ] - [ INFO  ] [ com.moonmagician.reloads.config.LogAspectConfig : 39 ] - CLASS_METHOD : com.moonmagician.reloads.controller.LinuxNoteController.toLinuxNotePath
2020-10-06 10:57:39.907 [ http-nio-8089-exec-2 ] - [ INFO  ] [ com.moonmagician.reloads.config.LogAspectConfig : 41 ] - 参数 : []
2020-10-06 10:57:39.909 [ http-nio-8089-exec-2 ] - [ DEBUG ] [ com.moonmagician.reloads.config.LogAspectConfig : 57 ] - 返回值 : redirect:/linuxnote/1
2020-10-06 10:57:39.910 [ http-nio-8089-exec-2 ] - [ INFO  ] [ com.moonmagician.reloads.config.LogAspectConfig : 50 ] - 耗时 : 4
2020-10-06 10:57:39.921 [ http-nio-8089-exec-3 ] - [ INFO  ] [ com.moonmagician.reloads.config.LogAspectConfig : 35 ] - 请求地址 : http://localhost:8089/linuxnote/1
2020-10-06 10:57:39.921 [ http-nio-8089-exec-3 ] - [ INFO  ] [ com.moonmagician.reloads.config.LogAspectConfig : 36 ] - HTTP METHOD : GET
2020-10-06 10:57:39.922 [ http-nio-8089-exec-3 ] - [ INFO  ] [ com.moonmagician.reloads.config.LogAspectConfig : 39 ] - CLASS_METHOD : com.moonmagician.reloads.controller.LeftMenuController.linuxnote
2020-10-06 10:57:39.922 [ http-nio-8089-exec-3 ] - [ INFO  ] [ com.moonmagician.reloads.config.LogAspectConfig : 41 ] - 参数 : [1, {}]
2020-10-06 10:57:39.922 [ http-nio-8089-exec-3 ] - [ DEBUG ] [ c.m.reloads.mapper.LinuxNoteMapper.datacount : 143 ] - ==>  Preparing: select count(id) from linuxnote; 
2020-10-06 10:57:39.923 [ http-nio-8089-exec-3 ] - [ DEBUG ] [ c.m.reloads.mapper.LinuxNoteMapper.datacount : 143 ] - ==> Parameters: 
2020-10-06 10:57:39.923 [ http-nio-8089-exec-3 ] - [ DEBUG ] [ c.m.reloads.mapper.LinuxNoteMapper.datacount : 143 ] - <==      Total: 1
2020-10-06 10:57:39.925 [ http-nio-8089-exec-3 ] - [ DEBUG ] [ c.m.reloads.mapper.LinuxNoteMapper.selectPage : 143 ] - ==>  Preparing: SELECT COUNT(1) FROM linuxnote 
2020-10-06 10:57:39.925 [ http-nio-8089-exec-3 ] - [ DEBUG ] [ c.m.reloads.mapper.LinuxNoteMapper.selectPage : 143 ] - ==> Parameters: 
2020-10-06 10:57:39.926 [ http-nio-8089-exec-3 ] - [ DEBUG ] [ c.m.reloads.mapper.LinuxNoteMapper.selectPage : 143 ] - ==>  Preparing: SELECT id,title,imgurl,createtime,describetext,discusscount,visitcount,type,webpagepath FROM linuxnote LIMIT ?,? 
2020-10-06 10:57:39.926 [ http-nio-8089-exec-3 ] - [ DEBUG ] [ c.m.reloads.mapper.LinuxNoteMapper.selectPage : 143 ] - ==> Parameters: 0(Long), 10(Long)
2020-10-06 10:57:39.929 [ http-nio-8089-exec-3 ] - [ DEBUG ] [ c.m.reloads.mapper.LinuxNoteMapper.selectPage : 143 ] - <==      Total: 10
2020-10-06 10:57:39.930 [ http-nio-8089-exec-3 ] - [ DEBUG ] [ com.moonmagician.reloads.config.LogAspectConfig : 57 ] - 返回值 : bar/constitute/linuxnote
2020-10-06 10:57:39.930 [ http-nio-8089-exec-3 ] - [ INFO  ] [ com.moonmagician.reloads.config.LogAspectConfig : 50 ] - 耗时 : 9
2020-10-06 10:57:40.226 [ http-nio-8089-exec-10 ] - [ INFO  ] [ com.moonmagician.reloads.config.LogAspectConfig : 35 ] - 请求地址 : http://localhost:8089/mysqlnote
2020-10-06 10:57:40.226 [ http-nio-8089-exec-10 ] - [ INFO  ] [ com.moonmagician.reloads.config.LogAspectConfig : 36 ] - HTTP METHOD : GET
2020-10-06 10:57:40.226 [ http-nio-8089-exec-10 ] - [ INFO  ] [ com.moonmagician.reloads.config.LogAspectConfig : 39 ] - CLASS_METHOD : com.moonmagician.reloads.controller.LeftMenuController.distributednote
2020-10-06 10:57:40.226 [ http-nio-8089-exec-10 ] - [ INFO  ] [ com.moonmagician.reloads.config.LogAspectConfig : 41 ] - 参数 : []
2020-10-06 10:57:40.227 [ http-nio-8089-exec-10 ] - [ DEBUG ] [ com.moonmagician.reloads.config.LogAspectConfig : 57 ] - 返回值 : bar/constitute/mysqlnote
2020-10-06 10:57:40.227 [ http-nio-8089-exec-10 ] - [ INFO  ] [ com.moonmagician.reloads.config.LogAspectConfig : 50 ] - 耗时 : 1
2020-10-06 10:57:40.552 [ http-nio-8089-exec-7 ] - [ INFO  ] [ com.moonmagician.reloads.config.LogAspectConfig : 35 ] - 请求地址 : http://localhost:8089/mysqlnote
2020-10-06 10:57:40.553 [ http-nio-8089-exec-7 ] - [ INFO  ] [ com.moonmagician.reloads.config.LogAspectConfig : 36 ] - HTTP METHOD : GET
2020-10-06 10:57:40.553 [ http-nio-8089-exec-7 ] - [ INFO  ] [ com.moonmagician.reloads.config.LogAspectConfig : 39 ] - CLASS_METHOD : com.moonmagician.reloads.controller.LeftMenuController.distributednote
2020-10-06 10:57:40.553 [ http-nio-8089-exec-7 ] - [ INFO  ] [ com.moonmagician.reloads.config.LogAspectConfig : 41 ] - 参数 : []
2020-10-06 10:57:40.553 [ http-nio-8089-exec-7 ] - [ DEBUG ] [ com.moonmagician.reloads.config.LogAspectConfig : 57 ] - 返回值 : bar/constitute/mysqlnote
2020-10-06 10:57:40.554 [ http-nio-8089-exec-7 ] - [ INFO  ] [ com.moonmagician.reloads.config.LogAspectConfig : 50 ] - 耗时 : 2
2020-10-06 10:57:41.002 [ http-nio-8089-exec-1 ] - [ INFO  ] [ com.moonmagician.reloads.config.LogAspectConfig : 35 ] - 请求地址 : http://localhost:8089/vuenote
2020-10-06 10:57:41.002 [ http-nio-8089-exec-1 ] - [ INFO  ] [ com.moonmagician.reloads.config.LogAspectConfig : 36 ] - HTTP METHOD : GET
2020-10-06 10:57:41.002 [ http-nio-8089-exec-1 ] - [ INFO  ] [ com.moonmagician.reloads.config.LogAspectConfig : 39 ] - CLASS_METHOD : com.moonmagician.reloads.controller.LeftMenuController.vuenote
2020-10-06 10:57:41.002 [ http-nio-8089-exec-1 ] - [ INFO  ] [ com.moonmagician.reloads.config.LogAspectConfig : 41 ] - 参数 : []
2020-10-06 10:57:41.002 [ http-nio-8089-exec-1 ] - [ DEBUG ] [ com.moonmagician.reloads.config.LogAspectConfig : 57 ] - 返回值 : bar/constitute/vuenote
2020-10-06 10:57:41.002 [ http-nio-8089-exec-1 ] - [ INFO  ] [ com.moonmagician.reloads.config.LogAspectConfig : 50 ] - 耗时 : 0
2020-10-06 10:57:41.385 [ http-nio-8089-exec-9 ] - [ INFO  ] [ com.moonmagician.reloads.config.LogAspectConfig : 35 ] - 请求地址 : http://localhost:8089/redisnote
2020-10-06 10:57:41.386 [ http-nio-8089-exec-9 ] - [ INFO  ] [ com.moonmagician.reloads.config.LogAspectConfig : 36 ] - HTTP METHOD : GET
2020-10-06 10:57:41.386 [ http-nio-8089-exec-9 ] - [ INFO  ] [ com.moonmagician.reloads.config.LogAspectConfig : 39 ] - CLASS_METHOD : com.moonmagician.reloads.controller.LeftMenuController.redisnote
2020-10-06 10:57:41.386 [ http-nio-8089-exec-9 ] - [ INFO  ] [ com.moonmagician.reloads.config.LogAspectConfig : 41 ] - 参数 : []
2020-10-06 10:57:41.386 [ http-nio-8089-exec-9 ] - [ DEBUG ] [ com.moonmagician.reloads.config.LogAspectConfig : 57 ] - 返回值 : bar/constitute/redisnote
2020-10-06 10:57:41.387 [ http-nio-8089-exec-9 ] - [ INFO  ] [ com.moonmagician.reloads.config.LogAspectConfig : 50 ] - 耗时 : 2
2020-10-06 10:57:41.658 [ http-nio-8089-exec-5 ] - [ INFO  ] [ com.moonmagician.reloads.config.LogAspectConfig : 35 ] - 请求地址 : http://localhost:8089/talk
2020-10-06 10:57:41.658 [ http-nio-8089-exec-5 ] - [ INFO  ] [ com.moonmagician.reloads.config.LogAspectConfig : 36 ] - HTTP METHOD : GET
2020-10-06 10:57:41.659 [ http-nio-8089-exec-5 ] - [ INFO  ] [ com.moonmagician.reloads.config.LogAspectConfig : 39 ] - CLASS_METHOD : com.moonmagician.reloads.controller.LeftMenuController.talk
2020-10-06 10:57:41.659 [ http-nio-8089-exec-5 ] - [ INFO  ] [ com.moonmagician.reloads.config.LogAspectConfig : 41 ] - 参数 : []
2020-10-06 10:57:41.659 [ http-nio-8089-exec-5 ] - [ DEBUG ] [ com.moonmagician.reloads.config.LogAspectConfig : 57 ] - 返回值 : bar/navigation/talk
2020-10-06 10:57:41.659 [ http-nio-8089-exec-5 ] - [ INFO  ] [ com.moonmagician.reloads.config.LogAspectConfig : 50 ] - 耗时 : 1
2020-10-06 10:57:42.185 [ http-nio-8089-exec-6 ] - [ INFO  ] [ com.moonmagician.reloads.config.LogAspectConfig : 35 ] - 请求地址 : http://localhost:8089/othernote
2020-10-06 10:57:42.185 [ http-nio-8089-exec-6 ] - [ INFO  ] [ com.moonmagician.reloads.config.LogAspectConfig : 36 ] - HTTP METHOD : GET
2020-10-06 10:57:42.185 [ http-nio-8089-exec-6 ] - [ INFO  ] [ com.moonmagician.reloads.config.LogAspectConfig : 39 ] - CLASS_METHOD : com.moonmagician.reloads.controller.LeftMenuController.othernote
2020-10-06 10:57:42.186 [ http-nio-8089-exec-6 ] - [ INFO  ] [ com.moonmagician.reloads.config.LogAspectConfig : 41 ] - 参数 : []
2020-10-06 10:57:42.186 [ http-nio-8089-exec-6 ] - [ DEBUG ] [ com.moonmagician.reloads.config.LogAspectConfig : 57 ] - 返回值 : bar/constitute/othernote
2020-10-06 10:57:42.186 [ http-nio-8089-exec-6 ] - [ INFO  ] [ com.moonmagician.reloads.config.LogAspectConfig : 50 ] - 耗时 : 1
2020-10-06 10:57:42.465 [ http-nio-8089-exec-4 ] - [ INFO  ] [ com.moonmagician.reloads.config.LogAspectConfig : 35 ] - 请求地址 : http://localhost:8089/redisnote
2020-10-06 10:57:42.465 [ http-nio-8089-exec-4 ] - [ INFO  ] [ com.moonmagician.reloads.config.LogAspectConfig : 36 ] - HTTP METHOD : GET
2020-10-06 10:57:42.465 [ http-nio-8089-exec-4 ] - [ INFO  ] [ com.moonmagician.reloads.config.LogAspectConfig : 39 ] - CLASS_METHOD : com.moonmagician.reloads.controller.LeftMenuController.redisnote
2020-10-06 10:57:42.465 [ http-nio-8089-exec-4 ] - [ INFO  ] [ com.moonmagician.reloads.config.LogAspectConfig : 41 ] - 参数 : []
2020-10-06 10:57:42.465 [ http-nio-8089-exec-4 ] - [ DEBUG ] [ com.moonmagician.reloads.config.LogAspectConfig : 57 ] - 返回值 : bar/constitute/redisnote
2020-10-06 10:57:42.466 [ http-nio-8089-exec-4 ] - [ INFO  ] [ com.moonmagician.reloads.config.LogAspectConfig : 50 ] - 耗时 : 1
2020-10-06 10:57:42.713 [ http-nio-8089-exec-8 ] - [ INFO  ] [ com.moonmagician.reloads.config.LogAspectConfig : 35 ] - 请求地址 : http://localhost:8089/gitnote
2020-10-06 10:57:42.713 [ http-nio-8089-exec-8 ] - [ INFO  ] [ com.moonmagician.reloads.config.LogAspectConfig : 36 ] - HTTP METHOD : GET
2020-10-06 10:57:42.714 [ http-nio-8089-exec-8 ] - [ INFO  ] [ com.moonmagician.reloads.config.LogAspectConfig : 39 ] - CLASS_METHOD : com.moonmagician.reloads.controller.LeftMenuController.gitnote
2020-10-06 10:57:42.714 [ http-nio-8089-exec-8 ] - [ INFO  ] [ com.moonmagician.reloads.config.LogAspectConfig : 41 ] - 参数 : []
2020-10-06 10:57:42.714 [ http-nio-8089-exec-8 ] - [ DEBUG ] [ com.moonmagician.reloads.config.LogAspectConfig : 57 ] - 返回值 : bar/constitute/gitnote
2020-10-06 10:57:42.714 [ http-nio-8089-exec-8 ] - [ INFO  ] [ com.moonmagician.reloads.config.LogAspectConfig : 50 ] - 耗时 : 1
2020-10-06 10:57:42.938 [ http-nio-8089-exec-2 ] - [ INFO  ] [ com.moonmagician.reloads.config.LogAspectConfig : 35 ] - 请求地址 : http://localhost:8089/javanote
2020-10-06 10:57:42.938 [ http-nio-8089-exec-2 ] - [ INFO  ] [ com.moonmagician.reloads.config.LogAspectConfig : 36 ] - HTTP METHOD : GET
2020-10-06 10:57:42.938 [ http-nio-8089-exec-2 ] - [ INFO  ] [ com.moonmagician.reloads.config.LogAspectConfig : 39 ] - CLASS_METHOD : com.moonmagician.reloads.controller.LeftMenuController.javanote
2020-10-06 10:57:42.938 [ http-nio-8089-exec-2 ] - [ INFO  ] [ com.moonmagician.reloads.config.LogAspectConfig : 41 ] - 参数 : []
2020-10-06 10:57:42.939 [ http-nio-8089-exec-2 ] - [ DEBUG ] [ com.moonmagician.reloads.config.LogAspectConfig : 57 ] - 返回值 : bar/constitute/javanote
2020-10-06 10:57:42.939 [ http-nio-8089-exec-2 ] - [ INFO  ] [ com.moonmagician.reloads.config.LogAspectConfig : 50 ] - 耗时 : 1
2020-10-06 10:57:43.147 [ http-nio-8089-exec-3 ] - [ INFO  ] [ com.moonmagician.reloads.config.LogAspectConfig : 35 ] - 请求地址 : http://localhost:8089/allproject
2020-10-06 10:57:43.147 [ http-nio-8089-exec-3 ] - [ INFO  ] [ com.moonmagician.reloads.config.LogAspectConfig : 36 ] - HTTP METHOD : GET
2020-10-06 10:57:43.147 [ http-nio-8089-exec-3 ] - [ INFO  ] [ com.moonmagician.reloads.config.LogAspectConfig : 39 ] - CLASS_METHOD : com.moonmagician.reloads.controller.LeftMenuController.allproject
2020-10-06 10:57:43.147 [ http-nio-8089-exec-3 ] - [ INFO  ] [ com.moonmagician.reloads.config.LogAspectConfig : 41 ] - 参数 : []
2020-10-06 10:57:43.147 [ http-nio-8089-exec-3 ] - [ DEBUG ] [ com.moonmagician.reloads.config.LogAspectConfig : 57 ] - 返回值 : bar/constitute/allproject
2020-10-06 10:57:43.148 [ http-nio-8089-exec-3 ] - [ INFO  ] [ com.moonmagician.reloads.config.LogAspectConfig : 50 ] - 耗时 : 1
